<?xml version="1.0" encoding="UTF-8"?>
<testsuites name="COVID_19" time="112.135" tests="4" failures="0" errors="0">
   <testsuite name="COVID_19" tests="4" failures="0" errors="0" time="112.135" timestamp="2020-09-29 07:27:03" hostname="Natasha - 192.168.254.105" id="Test Suites/COVID_19">
      <properties>
         <property name="deviceName" value=""/>
         <property name="devicePlatform" value=""/>
         <property name="logFolder" value="C:\\Katalon\\FIND-FLAG\\Reports\\20200929_072656\\COVID_19\\20200929_072656"/>
         <property name="logFiles" value="C:\\Katalon\\FIND-FLAG\\Reports\\20200929_072656\\COVID_19\\20200929_072656\\execution0.log"/>
         <property name="attachments" value=""/>
         <property name="hostName" value="Natasha - 192.168.254.105"/>
         <property name="os" value="Windows 10 64bit"/>
         <property name="katalonVersion" value="7.6.6.205"/>
         <property name="browser" value="Chrome 85.0.4183.121"/>
         <property name="hostAddress" value="192.168.254.105"/>
         <property name="sessionId" value="e123e0b7da69a2286302a71fdba29630"/>
         <property name="seleniumVersion" value="3.141.59"/>
         <property name="proxyInformation" value="ProxyInformation { proxyOption=NO_PROXY, proxyServerType=HTTP, username=, password=********, proxyServerAddress=, proxyServerPort=0, executionList=&quot;&quot;, isApplyToDesiredCapabilities=true }"/>
         <property name="platform" value="Windows 10"/>
      </properties>
      <testcase name="Test Cases/COVID19/Search Page/COMPLEX/TC_COMPLEX_001" time="29.171" classname="Test Cases/COVID19/Search Page/COMPLEX/TC_COMPLEX_001" status="PASSED">
         <system-out><![CDATA[2020-09-29 07:27:04 - [TEST_CASE][PASSED] - Test Cases/COVID19/Search Page/COMPLEX/TC_COMPLEX_001: Test Cases/COVID19/Search Page/COMPLEX/TC_COMPLEX_001

2020-09-29 07:27:04 - [TEST_STEP][PASSED] - callTestCase(findTestCase("UTILITIES/COVID19/Buyer Login"), [:], STOP_ON_FAILURE): Call Test Case 'Test Cases/UTILITIES/COVID19/Buyer Login' successfully

2020-09-29 07:27:04 - [TEST_CASE][PASSED] - Test Cases/UTILITIES/COVID19/Buyer Login: Test Cases/UTILITIES/COVID19/Buyer Login

2020-09-29 07:27:04 - [TEST_STEP][PASSED] - openBrowser(""): Browser is opened with url: ''

2020-09-29 07:27:05 - [MESSAGE][INFO] - Starting 'Chrome' driver

2020-09-29 07:27:05 - [MESSAGE][INFO] - Action delay is set to 0 milliseconds

2020-09-29 07:27:09 - [MESSAGE][PASSED] - Browser is opened with url: ''

2020-09-29 07:27:09 - [TEST_STEP][PASSED] - maximizeWindow(): Current window maximized

2020-09-29 07:27:11 - [MESSAGE][PASSED] - Current window maximized

2020-09-29 07:27:11 - [TEST_STEP][PASSED] - navigateToUrl(url): Navigate to 'https://covid19sandbox.test-arcadier.com' successfully

2020-09-29 07:27:15 - [MESSAGE][PASSED] - Navigate to 'https://covid19sandbox.test-arcadier.com' successfully

2020-09-29 07:27:15 - [TEST_STEP][PASSED] - click(findTestObject("USER_SIGN_IN/link_sign_in"), STOP_ON_FAILURE): Object: 'Object Repository/USER_SIGN_IN/link_sign_in' is clicked on

2020-09-29 07:27:22 - [MESSAGE][PASSED] - Object: 'Object Repository/USER_SIGN_IN/link_sign_in' is clicked on

2020-09-29 07:27:22 - [TEST_STEP][PASSED] - click(findTestObject("USER_SIGN_IN/link_sign_is_as_buyer")): Object: 'Object Repository/USER_SIGN_IN/link_sign_is_as_buyer' is clicked on

2020-09-29 07:27:23 - [MESSAGE][PASSED] - Object: 'Object Repository/USER_SIGN_IN/link_sign_is_as_buyer' is clicked on

2020-09-29 07:27:23 - [TEST_STEP][PASSED] - setText(findTestObject("USER_SIGN_IN/input_username"), username): Text 'codemafia' is set on object 'Object Repository/USER_SIGN_IN/input_username'

2020-09-29 07:27:24 - [MESSAGE][PASSED] - Text 'codemafia' is set on object 'Object Repository/USER_SIGN_IN/input_username'

2020-09-29 07:27:24 - [TEST_STEP][PASSED] - setText(findTestObject("USER_SIGN_IN/input_password"), password): Text 'welcome8' is set on object 'Object Repository/USER_SIGN_IN/input_password'

2020-09-29 07:27:25 - [MESSAGE][PASSED] - Text 'welcome8' is set on object 'Object Repository/USER_SIGN_IN/input_password'

2020-09-29 07:27:25 - [TEST_STEP][PASSED] - click(findTestObject("USER_SIGN_IN/btn_submit")): Object: 'Object Repository/USER_SIGN_IN/btn_submit' is clicked on

2020-09-29 07:27:27 - [MESSAGE][PASSED] - Object: 'Object Repository/USER_SIGN_IN/btn_submit' is clicked on

2020-09-29 07:27:27 - [MESSAGE][PASSED] - Call Test Case 'Test Cases/UTILITIES/COVID19/Buyer Login' successfully

2020-09-29 07:27:27 - [TEST_STEP][PASSED] - callTestCase(findTestCase("UTILITIES/COVID19/Search Item Homepage"), [:], STOP_ON_FAILURE): Call Test Case 'Test Cases/UTILITIES/COVID19/Search Item Homepage' successfully

2020-09-29 07:27:27 - [TEST_CASE][PASSED] - Test Cases/UTILITIES/COVID19/Search Item Homepage: Test Cases/UTILITIES/COVID19/Search Item Homepage

2020-09-29 07:27:27 - [TEST_STEP][PASSED] - setText(findTestObject("homepage_search/input_search"), "uploaded in automated"): Text 'uploaded in automated' is set on object 'Object Repository/homepage_search/input_search'

2020-09-29 07:27:29 - [MESSAGE][PASSED] - Text 'uploaded in automated' is set on object 'Object Repository/homepage_search/input_search'

2020-09-29 07:27:29 - [TEST_STEP][PASSED] - click(findTestObject("homepage_search/btn_search")): Object: 'Object Repository/homepage_search/btn_search' is clicked on

2020-09-29 07:27:32 - [MESSAGE][PASSED] - Object: 'Object Repository/homepage_search/btn_search' is clicked on

2020-09-29 07:27:32 - [MESSAGE][PASSED] - Call Test Case 'Test Cases/UTILITIES/COVID19/Search Item Homepage' successfully

2020-09-29 07:27:32 - [TEST_STEP][PASSED] - verifyElementPresent(findTestObject("search_page/flag_icon"), 0): Object 'Object Repository/search_page/flag_icon' is present

2020-09-29 07:27:32 - [MESSAGE][WARNING] - Timeout '0' is invalid. Using default page load timeout: '30'

2020-09-29 07:27:33 - [MESSAGE][PASSED] - Object 'Object Repository/search_page/flag_icon' is present]]></system-out>
         <system-err><![CDATA[]]></system-err>
      </testcase>
      <testcase name="Test Cases/COVID19/Search Page/COMPLEX/TC_COMPLEX_002" time="20.379" classname="Test Cases/COVID19/Search Page/COMPLEX/TC_COMPLEX_002" status="PASSED">
         <system-out><![CDATA[2020-09-29 07:27:33 - [TEST_CASE][PASSED] - Test Cases/COVID19/Search Page/COMPLEX/TC_COMPLEX_002: Test Cases/COVID19/Search Page/COMPLEX/TC_COMPLEX_002

2020-09-29 07:27:33 - [TEST_STEP][PASSED] - callTestCase(findTestCase("UTILITIES/COVID19/Buyer Login"), [:], STOP_ON_FAILURE): Call Test Case 'Test Cases/UTILITIES/COVID19/Buyer Login' successfully

2020-09-29 07:27:33 - [TEST_CASE][PASSED] - Test Cases/UTILITIES/COVID19/Buyer Login: Test Cases/UTILITIES/COVID19/Buyer Login

2020-09-29 07:27:33 - [TEST_STEP][PASSED] - openBrowser(""): Browser is opened with url: ''

2020-09-29 07:27:33 - [MESSAGE][WARNING] - A browser is already opened. Closing browser and opening a new one

2020-09-29 07:27:34 - [MESSAGE][INFO] - Starting 'Chrome' driver

2020-09-29 07:27:34 - [MESSAGE][INFO] - Action delay is set to 0 milliseconds

2020-09-29 07:27:37 - [MESSAGE][PASSED] - Browser is opened with url: ''

2020-09-29 07:27:37 - [TEST_STEP][PASSED] - maximizeWindow(): Current window maximized

2020-09-29 07:27:39 - [MESSAGE][PASSED] - Current window maximized

2020-09-29 07:27:39 - [TEST_STEP][PASSED] - navigateToUrl(url): Navigate to 'https://covid19sandbox.test-arcadier.com' successfully

2020-09-29 07:27:42 - [MESSAGE][PASSED] - Navigate to 'https://covid19sandbox.test-arcadier.com' successfully

2020-09-29 07:27:42 - [TEST_STEP][PASSED] - click(findTestObject("USER_SIGN_IN/link_sign_in"), STOP_ON_FAILURE): Object: 'Object Repository/USER_SIGN_IN/link_sign_in' is clicked on

2020-09-29 07:27:44 - [MESSAGE][PASSED] - Object: 'Object Repository/USER_SIGN_IN/link_sign_in' is clicked on

2020-09-29 07:27:44 - [TEST_STEP][PASSED] - click(findTestObject("USER_SIGN_IN/link_sign_is_as_buyer")): Object: 'Object Repository/USER_SIGN_IN/link_sign_is_as_buyer' is clicked on

2020-09-29 07:27:45 - [MESSAGE][PASSED] - Object: 'Object Repository/USER_SIGN_IN/link_sign_is_as_buyer' is clicked on

2020-09-29 07:27:45 - [TEST_STEP][PASSED] - setText(findTestObject("USER_SIGN_IN/input_username"), username): Text 'codemafia' is set on object 'Object Repository/USER_SIGN_IN/input_username'

2020-09-29 07:27:46 - [MESSAGE][PASSED] - Text 'codemafia' is set on object 'Object Repository/USER_SIGN_IN/input_username'

2020-09-29 07:27:46 - [TEST_STEP][PASSED] - setText(findTestObject("USER_SIGN_IN/input_password"), password): Text 'welcome8' is set on object 'Object Repository/USER_SIGN_IN/input_password'

2020-09-29 07:27:46 - [MESSAGE][PASSED] - Text 'welcome8' is set on object 'Object Repository/USER_SIGN_IN/input_password'

2020-09-29 07:27:46 - [TEST_STEP][PASSED] - click(findTestObject("USER_SIGN_IN/btn_submit")): Object: 'Object Repository/USER_SIGN_IN/btn_submit' is clicked on

2020-09-29 07:27:48 - [MESSAGE][PASSED] - Object: 'Object Repository/USER_SIGN_IN/btn_submit' is clicked on

2020-09-29 07:27:48 - [MESSAGE][PASSED] - Call Test Case 'Test Cases/UTILITIES/COVID19/Buyer Login' successfully

2020-09-29 07:27:48 - [TEST_STEP][PASSED] - setText(findTestObject("homepage_search/input_search"), "item1598418357"): Text 'item1598418357' is set on object 'Object Repository/homepage_search/input_search'

2020-09-29 07:27:51 - [MESSAGE][PASSED] - Text 'item1598418357' is set on object 'Object Repository/homepage_search/input_search'

2020-09-29 07:27:51 - [TEST_STEP][PASSED] - click(findTestObject("homepage_search/btn_search")): Object: 'Object Repository/homepage_search/btn_search' is clicked on

2020-09-29 07:27:52 - [MESSAGE][PASSED] - Object: 'Object Repository/homepage_search/btn_search' is clicked on

2020-09-29 07:27:52 - [TEST_STEP][PASSED] - verifyElementNotPresent(findTestObject("search_page/flag_icon"), 0): Web element with id: 'Object Repository/search_page/flag_icon' located by 'By.xpath: //div[@id='items-list']/div/div/div/div/div/img' is not present after '30' second(s)

2020-09-29 07:27:52 - [MESSAGE][WARNING] - Timeout '0' is invalid. Using default page load timeout: '30'

2020-09-29 07:27:53 - [MESSAGE][PASSED] - Web element with id: 'Object Repository/search_page/flag_icon' located by 'By.xpath: //div[@id='items-list']/div/div/div/div/div/img' is not present after '30' second(s)]]></system-out>
         <system-err><![CDATA[]]></system-err>
      </testcase>
      <testcase name="Test Cases/COVID19/Merchant Store Front/COMPLEX/TC_COMPLEX_003" time="31.433" classname="Test Cases/COVID19/Merchant Store Front/COMPLEX/TC_COMPLEX_003" status="PASSED">
         <system-out><![CDATA[2020-09-29 07:27:53 - [TEST_CASE][PASSED] - Test Cases/COVID19/Merchant Store Front/COMPLEX/TC_COMPLEX_003: Test Cases/COVID19/Merchant Store Front/COMPLEX/TC_COMPLEX_003

2020-09-29 07:27:53 - [TEST_STEP][PASSED] - callTestCase(findTestCase("UTILITIES/COVID19/Buyer Login"), [:], STOP_ON_FAILURE): Call Test Case 'Test Cases/UTILITIES/COVID19/Buyer Login' successfully

2020-09-29 07:27:53 - [TEST_CASE][PASSED] - Test Cases/UTILITIES/COVID19/Buyer Login: Test Cases/UTILITIES/COVID19/Buyer Login

2020-09-29 07:27:53 - [TEST_STEP][PASSED] - openBrowser(""): Browser is opened with url: ''

2020-09-29 07:27:53 - [MESSAGE][WARNING] - A browser is already opened. Closing browser and opening a new one

2020-09-29 07:27:54 - [MESSAGE][INFO] - Starting 'Chrome' driver

2020-09-29 07:27:54 - [MESSAGE][INFO] - Action delay is set to 0 milliseconds

2020-09-29 07:27:57 - [MESSAGE][PASSED] - Browser is opened with url: ''

2020-09-29 07:27:57 - [TEST_STEP][PASSED] - maximizeWindow(): Current window maximized

2020-09-29 07:27:59 - [MESSAGE][PASSED] - Current window maximized

2020-09-29 07:27:59 - [TEST_STEP][PASSED] - navigateToUrl(url): Navigate to 'https://covid19sandbox.test-arcadier.com' successfully

2020-09-29 07:28:03 - [MESSAGE][PASSED] - Navigate to 'https://covid19sandbox.test-arcadier.com' successfully

2020-09-29 07:28:03 - [TEST_STEP][PASSED] - click(findTestObject("USER_SIGN_IN/link_sign_in"), STOP_ON_FAILURE): Object: 'Object Repository/USER_SIGN_IN/link_sign_in' is clicked on

2020-09-29 07:28:05 - [MESSAGE][PASSED] - Object: 'Object Repository/USER_SIGN_IN/link_sign_in' is clicked on

2020-09-29 07:28:05 - [TEST_STEP][PASSED] - click(findTestObject("USER_SIGN_IN/link_sign_is_as_buyer")): Object: 'Object Repository/USER_SIGN_IN/link_sign_is_as_buyer' is clicked on

2020-09-29 07:28:05 - [MESSAGE][PASSED] - Object: 'Object Repository/USER_SIGN_IN/link_sign_is_as_buyer' is clicked on

2020-09-29 07:28:05 - [TEST_STEP][PASSED] - setText(findTestObject("USER_SIGN_IN/input_username"), username): Text 'codemafia' is set on object 'Object Repository/USER_SIGN_IN/input_username'

2020-09-29 07:28:06 - [MESSAGE][PASSED] - Text 'codemafia' is set on object 'Object Repository/USER_SIGN_IN/input_username'

2020-09-29 07:28:06 - [TEST_STEP][PASSED] - setText(findTestObject("USER_SIGN_IN/input_password"), password): Text 'welcome8' is set on object 'Object Repository/USER_SIGN_IN/input_password'

2020-09-29 07:28:07 - [MESSAGE][PASSED] - Text 'welcome8' is set on object 'Object Repository/USER_SIGN_IN/input_password'

2020-09-29 07:28:07 - [TEST_STEP][PASSED] - click(findTestObject("USER_SIGN_IN/btn_submit")): Object: 'Object Repository/USER_SIGN_IN/btn_submit' is clicked on

2020-09-29 07:28:09 - [MESSAGE][PASSED] - Object: 'Object Repository/USER_SIGN_IN/btn_submit' is clicked on

2020-09-29 07:28:09 - [MESSAGE][PASSED] - Call Test Case 'Test Cases/UTILITIES/COVID19/Buyer Login' successfully

2020-09-29 07:28:09 - [TEST_STEP][PASSED] - callTestCase(findTestCase("UTILITIES/COVID19/Search Item Homepage"), [:], STOP_ON_FAILURE): Call Test Case 'Test Cases/UTILITIES/COVID19/Search Item Homepage' successfully

2020-09-29 07:28:09 - [TEST_CASE][PASSED] - Test Cases/UTILITIES/COVID19/Search Item Homepage: Test Cases/UTILITIES/COVID19/Search Item Homepage

2020-09-29 07:28:09 - [TEST_STEP][PASSED] - setText(findTestObject("homepage_search/input_search"), "uploaded in automated"): Text 'uploaded in automated' is set on object 'Object Repository/homepage_search/input_search'

2020-09-29 07:28:11 - [MESSAGE][PASSED] - Text 'uploaded in automated' is set on object 'Object Repository/homepage_search/input_search'

2020-09-29 07:28:11 - [TEST_STEP][PASSED] - click(findTestObject("homepage_search/btn_search")): Object: 'Object Repository/homepage_search/btn_search' is clicked on

2020-09-29 07:28:13 - [MESSAGE][PASSED] - Object: 'Object Repository/homepage_search/btn_search' is clicked on

2020-09-29 07:28:13 - [MESSAGE][PASSED] - Call Test Case 'Test Cases/UTILITIES/COVID19/Search Item Homepage' successfully

2020-09-29 07:28:13 - [TEST_STEP][PASSED] - click(findTestObject("nav_to_storefront/item_name")): Object: 'Object Repository/nav_to_storefront/item_name' is clicked on

2020-09-29 07:28:17 - [MESSAGE][PASSED] - Object: 'Object Repository/nav_to_storefront/item_name' is clicked on

2020-09-29 07:28:17 - [TEST_STEP][PASSED] - switchToWindowIndex(1): Switched to window with index: '1'

2020-09-29 07:28:17 - [MESSAGE][PASSED] - Switched to window with index: '1'

2020-09-29 07:28:17 - [TEST_STEP][PASSED] - click(findTestObject("nav_to_storefront/seller_name")): Object: 'Object Repository/nav_to_storefront/seller_name' is clicked on

2020-09-29 07:28:22 - [MESSAGE][PASSED] - Object: 'Object Repository/nav_to_storefront/seller_name' is clicked on

2020-09-29 07:28:22 - [TEST_STEP][PASSED] - setText(findTestObject("nav_to_storefront/input_search"), "uploaded in automated"): Text 'uploaded in automated' is set on object 'Object Repository/nav_to_storefront/input_search'

2020-09-29 07:28:23 - [MESSAGE][PASSED] - Text 'uploaded in automated' is set on object 'Object Repository/nav_to_storefront/input_search'

2020-09-29 07:28:23 - [TEST_STEP][PASSED] - click(findTestObject("nav_to_storefront/btn_search")): Object: 'Object Repository/nav_to_storefront/btn_search' is clicked on

2020-09-29 07:28:24 - [MESSAGE][PASSED] - Object: 'Object Repository/nav_to_storefront/btn_search' is clicked on

2020-09-29 07:28:24 - [TEST_STEP][PASSED] - verifyElementPresent(findTestObject("nav_to_storefront/find_flag"), 0): Object 'Object Repository/nav_to_storefront/find_flag' is present

2020-09-29 07:28:24 - [MESSAGE][WARNING] - Timeout '0' is invalid. Using default page load timeout: '30'

2020-09-29 07:28:25 - [MESSAGE][PASSED] - Object 'Object Repository/nav_to_storefront/find_flag' is present]]></system-out>
         <system-err><![CDATA[]]></system-err>
      </testcase>
      <testcase name="Test Cases/COVID19/Merchant Store Front/COMPLEX/TC_COMPLEX_004" time="30.062" classname="Test Cases/COVID19/Merchant Store Front/COMPLEX/TC_COMPLEX_004" status="PASSED">
         <system-out><![CDATA[2020-09-29 07:28:25 - [TEST_CASE][PASSED] - Test Cases/COVID19/Merchant Store Front/COMPLEX/TC_COMPLEX_004: Test Cases/COVID19/Merchant Store Front/COMPLEX/TC_COMPLEX_004

2020-09-29 07:28:25 - [TEST_STEP][PASSED] - callTestCase(findTestCase("UTILITIES/COVID19/Buyer Login"), [:], STOP_ON_FAILURE): Call Test Case 'Test Cases/UTILITIES/COVID19/Buyer Login' successfully

2020-09-29 07:28:25 - [TEST_CASE][PASSED] - Test Cases/UTILITIES/COVID19/Buyer Login: Test Cases/UTILITIES/COVID19/Buyer Login

2020-09-29 07:28:25 - [TEST_STEP][PASSED] - openBrowser(""): Browser is opened with url: ''

2020-09-29 07:28:25 - [MESSAGE][WARNING] - A browser is already opened. Closing browser and opening a new one

2020-09-29 07:28:26 - [MESSAGE][INFO] - Starting 'Chrome' driver

2020-09-29 07:28:26 - [MESSAGE][INFO] - Action delay is set to 0 milliseconds

2020-09-29 07:28:29 - [MESSAGE][PASSED] - Browser is opened with url: ''

2020-09-29 07:28:29 - [TEST_STEP][PASSED] - maximizeWindow(): Current window maximized

2020-09-29 07:28:31 - [MESSAGE][PASSED] - Current window maximized

2020-09-29 07:28:31 - [TEST_STEP][PASSED] - navigateToUrl(url): Navigate to 'https://covid19sandbox.test-arcadier.com' successfully

2020-09-29 07:28:34 - [MESSAGE][PASSED] - Navigate to 'https://covid19sandbox.test-arcadier.com' successfully

2020-09-29 07:28:34 - [TEST_STEP][PASSED] - click(findTestObject("USER_SIGN_IN/link_sign_in"), STOP_ON_FAILURE): Object: 'Object Repository/USER_SIGN_IN/link_sign_in' is clicked on

2020-09-29 07:28:36 - [MESSAGE][PASSED] - Object: 'Object Repository/USER_SIGN_IN/link_sign_in' is clicked on

2020-09-29 07:28:36 - [TEST_STEP][PASSED] - click(findTestObject("USER_SIGN_IN/link_sign_is_as_buyer")): Object: 'Object Repository/USER_SIGN_IN/link_sign_is_as_buyer' is clicked on

2020-09-29 07:28:37 - [MESSAGE][PASSED] - Object: 'Object Repository/USER_SIGN_IN/link_sign_is_as_buyer' is clicked on

2020-09-29 07:28:37 - [TEST_STEP][PASSED] - setText(findTestObject("USER_SIGN_IN/input_username"), username): Text 'codemafia' is set on object 'Object Repository/USER_SIGN_IN/input_username'

2020-09-29 07:28:37 - [MESSAGE][PASSED] - Text 'codemafia' is set on object 'Object Repository/USER_SIGN_IN/input_username'

2020-09-29 07:28:37 - [TEST_STEP][PASSED] - setText(findTestObject("USER_SIGN_IN/input_password"), password): Text 'welcome8' is set on object 'Object Repository/USER_SIGN_IN/input_password'

2020-09-29 07:28:38 - [MESSAGE][PASSED] - Text 'welcome8' is set on object 'Object Repository/USER_SIGN_IN/input_password'

2020-09-29 07:28:38 - [TEST_STEP][PASSED] - click(findTestObject("USER_SIGN_IN/btn_submit")): Object: 'Object Repository/USER_SIGN_IN/btn_submit' is clicked on

2020-09-29 07:28:40 - [MESSAGE][PASSED] - Object: 'Object Repository/USER_SIGN_IN/btn_submit' is clicked on

2020-09-29 07:28:40 - [MESSAGE][PASSED] - Call Test Case 'Test Cases/UTILITIES/COVID19/Buyer Login' successfully

2020-09-29 07:28:40 - [TEST_STEP][PASSED] - setText(findTestObject("homepage_search/input_search"), "item1598418357"): Text 'item1598418357' is set on object 'Object Repository/homepage_search/input_search'

2020-09-29 07:28:43 - [MESSAGE][PASSED] - Text 'item1598418357' is set on object 'Object Repository/homepage_search/input_search'

2020-09-29 07:28:43 - [TEST_STEP][PASSED] - click(findTestObject("homepage_search/btn_search")): Object: 'Object Repository/homepage_search/btn_search' is clicked on

2020-09-29 07:28:45 - [MESSAGE][PASSED] - Object: 'Object Repository/homepage_search/btn_search' is clicked on

2020-09-29 07:28:45 - [TEST_STEP][PASSED] - click(findTestObject("nav_to_storefront/item_name")): Object: 'Object Repository/nav_to_storefront/item_name' is clicked on

2020-09-29 07:28:48 - [MESSAGE][PASSED] - Object: 'Object Repository/nav_to_storefront/item_name' is clicked on

2020-09-29 07:28:48 - [TEST_STEP][PASSED] - switchToWindowIndex(1): Switched to window with index: '1'

2020-09-29 07:28:48 - [MESSAGE][PASSED] - Switched to window with index: '1'

2020-09-29 07:28:48 - [TEST_STEP][PASSED] - click(findTestObject("nav_to_storefront/seller_without_find")): Object: 'Object Repository/nav_to_storefront/seller_without_find' is clicked on

2020-09-29 07:28:52 - [MESSAGE][PASSED] - Object: 'Object Repository/nav_to_storefront/seller_without_find' is clicked on

2020-09-29 07:28:52 - [TEST_STEP][PASSED] - setText(findTestObject("nav_to_storefront/input_search"), "item1598418357"): Text 'item1598418357' is set on object 'Object Repository/nav_to_storefront/input_search'

2020-09-29 07:28:53 - [MESSAGE][PASSED] - Text 'item1598418357' is set on object 'Object Repository/nav_to_storefront/input_search'

2020-09-29 07:28:53 - [TEST_STEP][PASSED] - click(findTestObject("nav_to_storefront/btn_search")): Object: 'Object Repository/nav_to_storefront/btn_search' is clicked on

2020-09-29 07:28:54 - [MESSAGE][PASSED] - Object: 'Object Repository/nav_to_storefront/btn_search' is clicked on

2020-09-29 07:28:54 - [TEST_STEP][PASSED] - verifyElementNotPresent(findTestObject("nav_to_storefront/find_flag"), 0): Web element with id: 'Object Repository/nav_to_storefront/find_flag' located by 'By.xpath: //div[@id='items-list']/div/div/div/div/div/img' is not present after '30' second(s)

2020-09-29 07:28:54 - [MESSAGE][WARNING] - Timeout '0' is invalid. Using default page load timeout: '30'

2020-09-29 07:28:55 - [MESSAGE][PASSED] - Web element with id: 'Object Repository/nav_to_storefront/find_flag' located by 'By.xpath: //div[@id='items-list']/div/div/div/div/div/img' is not present after '30' second(s)]]></system-out>
         <system-err><![CDATA[]]></system-err>
      </testcase>
      <system-out><![CDATA[2020-09-29 07:27:03 - [TEST_SUITE][PASSED] - COVID_19: Test Cases/COVID19/Merchant Store Front/COMPLEX/TC_COMPLEX_004]]></system-out>
      <system-err><![CDATA[]]></system-err>
   </testsuite>
</testsuites>
