<?xml version="1.0" encoding="UTF-8"?>
<testsuites name="COVID_19" time="117.413" tests="4" failures="0" errors="0">
   <testsuite name="COVID_19" tests="4" failures="0" errors="0" time="117.413" timestamp="2020-09-29 07:49:52" hostname="Natasha - 192.168.254.105" id="Test Suites/COVID_19">
      <properties>
         <property name="deviceName" value=""/>
         <property name="devicePlatform" value=""/>
         <property name="logFolder" value="C:\\Katalon\\FIND-FLAG\\Reports\\20200929_074945\\COVID_19\\20200929_074945"/>
         <property name="logFiles" value="C:\\Katalon\\FIND-FLAG\\Reports\\20200929_074945\\COVID_19\\20200929_074945\\execution0.log"/>
         <property name="attachments" value=""/>
         <property name="hostName" value="Natasha - 192.168.254.105"/>
         <property name="os" value="Windows 10 64bit"/>
         <property name="katalonVersion" value="7.6.6.205"/>
         <property name="browser" value="Chrome 85.0.4183.121"/>
         <property name="hostAddress" value="192.168.254.105"/>
         <property name="sessionId" value="cb918159657b403451ab2d46ceed7481"/>
         <property name="seleniumVersion" value="3.141.59"/>
         <property name="proxyInformation" value="ProxyInformation { proxyOption=NO_PROXY, proxyServerType=HTTP, username=, password=********, proxyServerAddress=, proxyServerPort=0, executionList=&quot;&quot;, isApplyToDesiredCapabilities=true }"/>
         <property name="platform" value="Windows 10"/>
      </properties>
      <testcase name="Test Cases/COVID19/Search Page/COMPLEX/TC_COMPLEX_001" time="26.411" classname="Test Cases/COVID19/Search Page/COMPLEX/TC_COMPLEX_001" status="PASSED">
         <system-out><![CDATA[2020-09-29 07:49:52 - [TEST_CASE][PASSED] - Test Cases/COVID19/Search Page/COMPLEX/TC_COMPLEX_001: Test Cases/COVID19/Search Page/COMPLEX/TC_COMPLEX_001

2020-09-29 07:49:53 - [TEST_STEP][PASSED] - callTestCase(findTestCase("UTILITIES/COVID19/Buyer Login"), [:], STOP_ON_FAILURE): Call Test Case 'Test Cases/UTILITIES/COVID19/Buyer Login' successfully

2020-09-29 07:49:53 - [TEST_CASE][PASSED] - Test Cases/UTILITIES/COVID19/Buyer Login: Test Cases/UTILITIES/COVID19/Buyer Login

2020-09-29 07:49:53 - [TEST_STEP][PASSED] - openBrowser(""): Browser is opened with url: ''

2020-09-29 07:49:53 - [MESSAGE][INFO] - Starting 'Chrome' driver

2020-09-29 07:49:54 - [MESSAGE][INFO] - Action delay is set to 0 milliseconds

2020-09-29 07:49:58 - [MESSAGE][PASSED] - Browser is opened with url: ''

2020-09-29 07:49:58 - [TEST_STEP][PASSED] - maximizeWindow(): Current window maximized

2020-09-29 07:50:00 - [MESSAGE][PASSED] - Current window maximized

2020-09-29 07:50:00 - [TEST_STEP][PASSED] - navigateToUrl(url): Navigate to 'https://covid19sandbox.test-arcadier.com' successfully

2020-09-29 07:50:04 - [MESSAGE][PASSED] - Navigate to 'https://covid19sandbox.test-arcadier.com' successfully

2020-09-29 07:50:04 - [TEST_STEP][PASSED] - click(findTestObject("USER_SIGN_IN/link_sign_in"), STOP_ON_FAILURE): Object: 'Object Repository/USER_SIGN_IN/link_sign_in' is clicked on

2020-09-29 07:50:06 - [MESSAGE][PASSED] - Object: 'Object Repository/USER_SIGN_IN/link_sign_in' is clicked on

2020-09-29 07:50:06 - [TEST_STEP][PASSED] - click(findTestObject("USER_SIGN_IN/link_sign_is_as_buyer")): Object: 'Object Repository/USER_SIGN_IN/link_sign_is_as_buyer' is clicked on

2020-09-29 07:50:07 - [MESSAGE][PASSED] - Object: 'Object Repository/USER_SIGN_IN/link_sign_is_as_buyer' is clicked on

2020-09-29 07:50:07 - [TEST_STEP][PASSED] - setText(findTestObject("USER_SIGN_IN/input_username"), username): Text 'codemafia' is set on object 'Object Repository/USER_SIGN_IN/input_username'

2020-09-29 07:50:08 - [MESSAGE][PASSED] - Text 'codemafia' is set on object 'Object Repository/USER_SIGN_IN/input_username'

2020-09-29 07:50:08 - [TEST_STEP][PASSED] - setText(findTestObject("USER_SIGN_IN/input_password"), password): Text 'welcome8' is set on object 'Object Repository/USER_SIGN_IN/input_password'

2020-09-29 07:50:08 - [MESSAGE][PASSED] - Text 'welcome8' is set on object 'Object Repository/USER_SIGN_IN/input_password'

2020-09-29 07:50:08 - [TEST_STEP][PASSED] - click(findTestObject("USER_SIGN_IN/btn_submit")): Object: 'Object Repository/USER_SIGN_IN/btn_submit' is clicked on

2020-09-29 07:50:14 - [MESSAGE][PASSED] - Object: 'Object Repository/USER_SIGN_IN/btn_submit' is clicked on

2020-09-29 07:50:14 - [MESSAGE][PASSED] - Call Test Case 'Test Cases/UTILITIES/COVID19/Buyer Login' successfully

2020-09-29 07:50:14 - [TEST_STEP][PASSED] - callTestCase(findTestCase("UTILITIES/COVID19/Search Item Homepage"), [:], STOP_ON_FAILURE): Call Test Case 'Test Cases/UTILITIES/COVID19/Search Item Homepage' successfully

2020-09-29 07:50:14 - [TEST_CASE][PASSED] - Test Cases/UTILITIES/COVID19/Search Item Homepage: Test Cases/UTILITIES/COVID19/Search Item Homepage

2020-09-29 07:50:14 - [TEST_STEP][PASSED] - setText(findTestObject("homepage_search/input_search"), "uploaded in automated"): Text 'uploaded in automated' is set on object 'Object Repository/homepage_search/input_search'

2020-09-29 07:50:16 - [MESSAGE][PASSED] - Text 'uploaded in automated' is set on object 'Object Repository/homepage_search/input_search'

2020-09-29 07:50:16 - [TEST_STEP][PASSED] - click(findTestObject("homepage_search/btn_search")): Object: 'Object Repository/homepage_search/btn_search' is clicked on

2020-09-29 07:50:18 - [MESSAGE][PASSED] - Object: 'Object Repository/homepage_search/btn_search' is clicked on

2020-09-29 07:50:18 - [MESSAGE][PASSED] - Call Test Case 'Test Cases/UTILITIES/COVID19/Search Item Homepage' successfully

2020-09-29 07:50:18 - [TEST_STEP][PASSED] - verifyElementPresent(findTestObject("search_page/flag_icon"), 0): Object 'Object Repository/search_page/flag_icon' is present

2020-09-29 07:50:18 - [MESSAGE][WARNING] - Timeout '0' is invalid. Using default page load timeout: '30'

2020-09-29 07:50:19 - [MESSAGE][PASSED] - Object 'Object Repository/search_page/flag_icon' is present]]></system-out>
         <system-err><![CDATA[]]></system-err>
      </testcase>
      <testcase name="Test Cases/COVID19/Search Page/COMPLEX/TC_COMPLEX_002" time="25.136" classname="Test Cases/COVID19/Search Page/COMPLEX/TC_COMPLEX_002" status="PASSED">
         <system-out><![CDATA[2020-09-29 07:50:19 - [TEST_CASE][PASSED] - Test Cases/COVID19/Search Page/COMPLEX/TC_COMPLEX_002: Test Cases/COVID19/Search Page/COMPLEX/TC_COMPLEX_002

2020-09-29 07:50:19 - [TEST_STEP][PASSED] - callTestCase(findTestCase("UTILITIES/COVID19/Buyer Login"), [:], STOP_ON_FAILURE): Call Test Case 'Test Cases/UTILITIES/COVID19/Buyer Login' successfully

2020-09-29 07:50:19 - [TEST_CASE][PASSED] - Test Cases/UTILITIES/COVID19/Buyer Login: Test Cases/UTILITIES/COVID19/Buyer Login

2020-09-29 07:50:19 - [TEST_STEP][PASSED] - openBrowser(""): Browser is opened with url: ''

2020-09-29 07:50:19 - [MESSAGE][WARNING] - A browser is already opened. Closing browser and opening a new one

2020-09-29 07:50:20 - [MESSAGE][INFO] - Starting 'Chrome' driver

2020-09-29 07:50:20 - [MESSAGE][INFO] - Action delay is set to 0 milliseconds

2020-09-29 07:50:23 - [MESSAGE][PASSED] - Browser is opened with url: ''

2020-09-29 07:50:23 - [TEST_STEP][PASSED] - maximizeWindow(): Current window maximized

2020-09-29 07:50:25 - [MESSAGE][PASSED] - Current window maximized

2020-09-29 07:50:25 - [TEST_STEP][PASSED] - navigateToUrl(url): Navigate to 'https://covid19sandbox.test-arcadier.com' successfully

2020-09-29 07:50:31 - [MESSAGE][PASSED] - Navigate to 'https://covid19sandbox.test-arcadier.com' successfully

2020-09-29 07:50:31 - [TEST_STEP][PASSED] - click(findTestObject("USER_SIGN_IN/link_sign_in"), STOP_ON_FAILURE): Object: 'Object Repository/USER_SIGN_IN/link_sign_in' is clicked on

2020-09-29 07:50:34 - [MESSAGE][PASSED] - Object: 'Object Repository/USER_SIGN_IN/link_sign_in' is clicked on

2020-09-29 07:50:34 - [TEST_STEP][PASSED] - click(findTestObject("USER_SIGN_IN/link_sign_is_as_buyer")): Object: 'Object Repository/USER_SIGN_IN/link_sign_is_as_buyer' is clicked on

2020-09-29 07:50:34 - [MESSAGE][PASSED] - Object: 'Object Repository/USER_SIGN_IN/link_sign_is_as_buyer' is clicked on

2020-09-29 07:50:34 - [TEST_STEP][PASSED] - setText(findTestObject("USER_SIGN_IN/input_username"), username): Text 'codemafia' is set on object 'Object Repository/USER_SIGN_IN/input_username'

2020-09-29 07:50:35 - [MESSAGE][PASSED] - Text 'codemafia' is set on object 'Object Repository/USER_SIGN_IN/input_username'

2020-09-29 07:50:35 - [TEST_STEP][PASSED] - setText(findTestObject("USER_SIGN_IN/input_password"), password): Text 'welcome8' is set on object 'Object Repository/USER_SIGN_IN/input_password'

2020-09-29 07:50:36 - [MESSAGE][PASSED] - Text 'welcome8' is set on object 'Object Repository/USER_SIGN_IN/input_password'

2020-09-29 07:50:36 - [TEST_STEP][PASSED] - click(findTestObject("USER_SIGN_IN/btn_submit")): Object: 'Object Repository/USER_SIGN_IN/btn_submit' is clicked on

2020-09-29 07:50:39 - [MESSAGE][PASSED] - Object: 'Object Repository/USER_SIGN_IN/btn_submit' is clicked on

2020-09-29 07:50:39 - [MESSAGE][PASSED] - Call Test Case 'Test Cases/UTILITIES/COVID19/Buyer Login' successfully

2020-09-29 07:50:39 - [TEST_STEP][PASSED] - setText(findTestObject("homepage_search/input_search"), "item1598418357"): Text 'item1598418357' is set on object 'Object Repository/homepage_search/input_search'

2020-09-29 07:50:41 - [MESSAGE][PASSED] - Text 'item1598418357' is set on object 'Object Repository/homepage_search/input_search'

2020-09-29 07:50:41 - [TEST_STEP][PASSED] - click(findTestObject("homepage_search/btn_search")): Object: 'Object Repository/homepage_search/btn_search' is clicked on

2020-09-29 07:50:43 - [MESSAGE][PASSED] - Object: 'Object Repository/homepage_search/btn_search' is clicked on

2020-09-29 07:50:43 - [TEST_STEP][PASSED] - verifyElementNotPresent(findTestObject("search_page/flag_icon"), 0): Web element with id: 'Object Repository/search_page/flag_icon' located by 'By.xpath: //div[@id='items-list']/div/div/div/div/div/img' is not present after '30' second(s)

2020-09-29 07:50:43 - [MESSAGE][WARNING] - Timeout '0' is invalid. Using default page load timeout: '30'

2020-09-29 07:50:44 - [MESSAGE][PASSED] - Web element with id: 'Object Repository/search_page/flag_icon' located by 'By.xpath: //div[@id='items-list']/div/div/div/div/div/img' is not present after '30' second(s)]]></system-out>
         <system-err><![CDATA[]]></system-err>
      </testcase>
      <testcase name="Test Cases/COVID19/Merchant Store Front/COMPLEX/TC_COMPLEX_003" time="30.896" classname="Test Cases/COVID19/Merchant Store Front/COMPLEX/TC_COMPLEX_003" status="PASSED">
         <system-out><![CDATA[2020-09-29 07:50:44 - [TEST_CASE][PASSED] - Test Cases/COVID19/Merchant Store Front/COMPLEX/TC_COMPLEX_003: Test Cases/COVID19/Merchant Store Front/COMPLEX/TC_COMPLEX_003

2020-09-29 07:50:44 - [TEST_STEP][PASSED] - callTestCase(findTestCase("UTILITIES/COVID19/Buyer Login"), [:], STOP_ON_FAILURE): Call Test Case 'Test Cases/UTILITIES/COVID19/Buyer Login' successfully

2020-09-29 07:50:44 - [TEST_CASE][PASSED] - Test Cases/UTILITIES/COVID19/Buyer Login: Test Cases/UTILITIES/COVID19/Buyer Login

2020-09-29 07:50:44 - [TEST_STEP][PASSED] - openBrowser(""): Browser is opened with url: ''

2020-09-29 07:50:44 - [MESSAGE][WARNING] - A browser is already opened. Closing browser and opening a new one

2020-09-29 07:50:45 - [MESSAGE][INFO] - Starting 'Chrome' driver

2020-09-29 07:50:45 - [MESSAGE][INFO] - Action delay is set to 0 milliseconds

2020-09-29 07:50:48 - [MESSAGE][PASSED] - Browser is opened with url: ''

2020-09-29 07:50:48 - [TEST_STEP][PASSED] - maximizeWindow(): Current window maximized

2020-09-29 07:50:50 - [MESSAGE][PASSED] - Current window maximized

2020-09-29 07:50:50 - [TEST_STEP][PASSED] - navigateToUrl(url): Navigate to 'https://covid19sandbox.test-arcadier.com' successfully

2020-09-29 07:50:54 - [MESSAGE][PASSED] - Navigate to 'https://covid19sandbox.test-arcadier.com' successfully

2020-09-29 07:50:54 - [TEST_STEP][PASSED] - click(findTestObject("USER_SIGN_IN/link_sign_in"), STOP_ON_FAILURE): Object: 'Object Repository/USER_SIGN_IN/link_sign_in' is clicked on

2020-09-29 07:50:56 - [MESSAGE][PASSED] - Object: 'Object Repository/USER_SIGN_IN/link_sign_in' is clicked on

2020-09-29 07:50:56 - [TEST_STEP][PASSED] - click(findTestObject("USER_SIGN_IN/link_sign_is_as_buyer")): Object: 'Object Repository/USER_SIGN_IN/link_sign_is_as_buyer' is clicked on

2020-09-29 07:50:57 - [MESSAGE][PASSED] - Object: 'Object Repository/USER_SIGN_IN/link_sign_is_as_buyer' is clicked on

2020-09-29 07:50:57 - [TEST_STEP][PASSED] - setText(findTestObject("USER_SIGN_IN/input_username"), username): Text 'codemafia' is set on object 'Object Repository/USER_SIGN_IN/input_username'

2020-09-29 07:50:58 - [MESSAGE][PASSED] - Text 'codemafia' is set on object 'Object Repository/USER_SIGN_IN/input_username'

2020-09-29 07:50:58 - [TEST_STEP][PASSED] - setText(findTestObject("USER_SIGN_IN/input_password"), password): Text 'welcome8' is set on object 'Object Repository/USER_SIGN_IN/input_password'

2020-09-29 07:50:58 - [MESSAGE][PASSED] - Text 'welcome8' is set on object 'Object Repository/USER_SIGN_IN/input_password'

2020-09-29 07:50:58 - [TEST_STEP][PASSED] - click(findTestObject("USER_SIGN_IN/btn_submit")): Object: 'Object Repository/USER_SIGN_IN/btn_submit' is clicked on

2020-09-29 07:51:01 - [MESSAGE][PASSED] - Object: 'Object Repository/USER_SIGN_IN/btn_submit' is clicked on

2020-09-29 07:51:01 - [MESSAGE][PASSED] - Call Test Case 'Test Cases/UTILITIES/COVID19/Buyer Login' successfully

2020-09-29 07:51:01 - [TEST_STEP][PASSED] - callTestCase(findTestCase("UTILITIES/COVID19/Search Item Homepage"), [:], STOP_ON_FAILURE): Call Test Case 'Test Cases/UTILITIES/COVID19/Search Item Homepage' successfully

2020-09-29 07:51:01 - [TEST_CASE][PASSED] - Test Cases/UTILITIES/COVID19/Search Item Homepage: Test Cases/UTILITIES/COVID19/Search Item Homepage

2020-09-29 07:51:01 - [TEST_STEP][PASSED] - setText(findTestObject("homepage_search/input_search"), "uploaded in automated"): Text 'uploaded in automated' is set on object 'Object Repository/homepage_search/input_search'

2020-09-29 07:51:03 - [MESSAGE][PASSED] - Text 'uploaded in automated' is set on object 'Object Repository/homepage_search/input_search'

2020-09-29 07:51:03 - [TEST_STEP][PASSED] - click(findTestObject("homepage_search/btn_search")): Object: 'Object Repository/homepage_search/btn_search' is clicked on

2020-09-29 07:51:05 - [MESSAGE][PASSED] - Object: 'Object Repository/homepage_search/btn_search' is clicked on

2020-09-29 07:51:05 - [MESSAGE][PASSED] - Call Test Case 'Test Cases/UTILITIES/COVID19/Search Item Homepage' successfully

2020-09-29 07:51:05 - [TEST_STEP][PASSED] - click(findTestObject("nav_to_storefront/item_name")): Object: 'Object Repository/nav_to_storefront/item_name' is clicked on

2020-09-29 07:51:08 - [MESSAGE][PASSED] - Object: 'Object Repository/nav_to_storefront/item_name' is clicked on

2020-09-29 07:51:08 - [TEST_STEP][PASSED] - switchToWindowIndex(1): Switched to window with index: '1'

2020-09-29 07:51:08 - [MESSAGE][PASSED] - Switched to window with index: '1'

2020-09-29 07:51:08 - [TEST_STEP][PASSED] - click(findTestObject("nav_to_storefront/seller_name")): Object: 'Object Repository/nav_to_storefront/seller_name' is clicked on

2020-09-29 07:51:13 - [MESSAGE][PASSED] - Object: 'Object Repository/nav_to_storefront/seller_name' is clicked on

2020-09-29 07:51:13 - [TEST_STEP][PASSED] - setText(findTestObject("nav_to_storefront/input_search"), "uploaded in automated"): Text 'uploaded in automated' is set on object 'Object Repository/nav_to_storefront/input_search'

2020-09-29 07:51:14 - [MESSAGE][PASSED] - Text 'uploaded in automated' is set on object 'Object Repository/nav_to_storefront/input_search'

2020-09-29 07:51:14 - [TEST_STEP][PASSED] - click(findTestObject("nav_to_storefront/btn_search")): Object: 'Object Repository/nav_to_storefront/btn_search' is clicked on

2020-09-29 07:51:14 - [MESSAGE][PASSED] - Object: 'Object Repository/nav_to_storefront/btn_search' is clicked on

2020-09-29 07:51:14 - [TEST_STEP][PASSED] - verifyElementPresent(findTestObject("nav_to_storefront/find_flag"), 0): Object 'Object Repository/nav_to_storefront/find_flag' is present

2020-09-29 07:51:14 - [MESSAGE][WARNING] - Timeout '0' is invalid. Using default page load timeout: '30'

2020-09-29 07:51:15 - [MESSAGE][PASSED] - Object 'Object Repository/nav_to_storefront/find_flag' is present]]></system-out>
         <system-err><![CDATA[]]></system-err>
      </testcase>
      <testcase name="Test Cases/COVID19/Merchant Store Front/COMPLEX/TC_COMPLEX_004" time="33.943" classname="Test Cases/COVID19/Merchant Store Front/COMPLEX/TC_COMPLEX_004" status="PASSED">
         <system-out><![CDATA[2020-09-29 07:51:15 - [TEST_CASE][PASSED] - Test Cases/COVID19/Merchant Store Front/COMPLEX/TC_COMPLEX_004: Test Cases/COVID19/Merchant Store Front/COMPLEX/TC_COMPLEX_004

2020-09-29 07:51:15 - [TEST_STEP][PASSED] - callTestCase(findTestCase("UTILITIES/COVID19/Buyer Login"), [:], STOP_ON_FAILURE): Call Test Case 'Test Cases/UTILITIES/COVID19/Buyer Login' successfully

2020-09-29 07:51:15 - [TEST_CASE][PASSED] - Test Cases/UTILITIES/COVID19/Buyer Login: Test Cases/UTILITIES/COVID19/Buyer Login

2020-09-29 07:51:15 - [TEST_STEP][PASSED] - openBrowser(""): Browser is opened with url: ''

2020-09-29 07:51:15 - [MESSAGE][WARNING] - A browser is already opened. Closing browser and opening a new one

2020-09-29 07:51:16 - [MESSAGE][INFO] - Starting 'Chrome' driver

2020-09-29 07:51:16 - [MESSAGE][INFO] - Action delay is set to 0 milliseconds

2020-09-29 07:51:19 - [MESSAGE][PASSED] - Browser is opened with url: ''

2020-09-29 07:51:19 - [TEST_STEP][PASSED] - maximizeWindow(): Current window maximized

2020-09-29 07:51:21 - [MESSAGE][PASSED] - Current window maximized

2020-09-29 07:51:21 - [TEST_STEP][PASSED] - navigateToUrl(url): Navigate to 'https://covid19sandbox.test-arcadier.com' successfully

2020-09-29 07:51:25 - [MESSAGE][PASSED] - Navigate to 'https://covid19sandbox.test-arcadier.com' successfully

2020-09-29 07:51:25 - [TEST_STEP][PASSED] - click(findTestObject("USER_SIGN_IN/link_sign_in"), STOP_ON_FAILURE): Object: 'Object Repository/USER_SIGN_IN/link_sign_in' is clicked on

2020-09-29 07:51:27 - [MESSAGE][PASSED] - Object: 'Object Repository/USER_SIGN_IN/link_sign_in' is clicked on

2020-09-29 07:51:27 - [TEST_STEP][PASSED] - click(findTestObject("USER_SIGN_IN/link_sign_is_as_buyer")): Object: 'Object Repository/USER_SIGN_IN/link_sign_is_as_buyer' is clicked on

2020-09-29 07:51:27 - [MESSAGE][PASSED] - Object: 'Object Repository/USER_SIGN_IN/link_sign_is_as_buyer' is clicked on

2020-09-29 07:51:27 - [TEST_STEP][PASSED] - setText(findTestObject("USER_SIGN_IN/input_username"), username): Text 'codemafia' is set on object 'Object Repository/USER_SIGN_IN/input_username'

2020-09-29 07:51:28 - [MESSAGE][PASSED] - Text 'codemafia' is set on object 'Object Repository/USER_SIGN_IN/input_username'

2020-09-29 07:51:28 - [TEST_STEP][PASSED] - setText(findTestObject("USER_SIGN_IN/input_password"), password): Text 'welcome8' is set on object 'Object Repository/USER_SIGN_IN/input_password'

2020-09-29 07:51:28 - [MESSAGE][PASSED] - Text 'welcome8' is set on object 'Object Repository/USER_SIGN_IN/input_password'

2020-09-29 07:51:28 - [TEST_STEP][PASSED] - click(findTestObject("USER_SIGN_IN/btn_submit")): Object: 'Object Repository/USER_SIGN_IN/btn_submit' is clicked on

2020-09-29 07:51:31 - [MESSAGE][PASSED] - Object: 'Object Repository/USER_SIGN_IN/btn_submit' is clicked on

2020-09-29 07:51:31 - [MESSAGE][PASSED] - Call Test Case 'Test Cases/UTILITIES/COVID19/Buyer Login' successfully

2020-09-29 07:51:31 - [TEST_STEP][PASSED] - setText(findTestObject("homepage_search/input_search"), "item1598418357"): Text 'item1598418357' is set on object 'Object Repository/homepage_search/input_search'

2020-09-29 07:51:33 - [MESSAGE][PASSED] - Text 'item1598418357' is set on object 'Object Repository/homepage_search/input_search'

2020-09-29 07:51:33 - [TEST_STEP][PASSED] - click(findTestObject("homepage_search/btn_search")): Object: 'Object Repository/homepage_search/btn_search' is clicked on

2020-09-29 07:51:35 - [MESSAGE][PASSED] - Object: 'Object Repository/homepage_search/btn_search' is clicked on

2020-09-29 07:51:35 - [TEST_STEP][PASSED] - click(findTestObject("nav_to_storefront/item_name")): Object: 'Object Repository/nav_to_storefront/item_name' is clicked on

2020-09-29 07:51:41 - [MESSAGE][PASSED] - Object: 'Object Repository/nav_to_storefront/item_name' is clicked on

2020-09-29 07:51:41 - [TEST_STEP][PASSED] - switchToWindowIndex(1): Switched to window with index: '1'

2020-09-29 07:51:41 - [MESSAGE][PASSED] - Switched to window with index: '1'

2020-09-29 07:51:41 - [TEST_STEP][PASSED] - click(findTestObject("nav_to_storefront/seller_without_find")): Object: 'Object Repository/nav_to_storefront/seller_without_find' is clicked on

2020-09-29 07:51:47 - [MESSAGE][PASSED] - Object: 'Object Repository/nav_to_storefront/seller_without_find' is clicked on

2020-09-29 07:51:47 - [TEST_STEP][PASSED] - setText(findTestObject("nav_to_storefront/input_search"), "item1598418357"): Text 'item1598418357' is set on object 'Object Repository/nav_to_storefront/input_search'

2020-09-29 07:51:48 - [MESSAGE][PASSED] - Text 'item1598418357' is set on object 'Object Repository/nav_to_storefront/input_search'

2020-09-29 07:51:48 - [TEST_STEP][PASSED] - click(findTestObject("nav_to_storefront/btn_search")): Object: 'Object Repository/nav_to_storefront/btn_search' is clicked on

2020-09-29 07:51:48 - [MESSAGE][PASSED] - Object: 'Object Repository/nav_to_storefront/btn_search' is clicked on

2020-09-29 07:51:48 - [TEST_STEP][PASSED] - verifyElementNotPresent(findTestObject("nav_to_storefront/find_flag"), 0): Web element with id: 'Object Repository/nav_to_storefront/find_flag' located by 'By.xpath: //div[@id='items-list']/div/div/div/div/div/img' is not present after '30' second(s)

2020-09-29 07:51:48 - [MESSAGE][WARNING] - Timeout '0' is invalid. Using default page load timeout: '30'

2020-09-29 07:51:49 - [MESSAGE][PASSED] - Web element with id: 'Object Repository/nav_to_storefront/find_flag' located by 'By.xpath: //div[@id='items-list']/div/div/div/div/div/img' is not present after '30' second(s)]]></system-out>
         <system-err><![CDATA[]]></system-err>
      </testcase>
      <system-out><![CDATA[2020-09-29 07:49:52 - [TEST_SUITE][PASSED] - COVID_19: Test Cases/COVID19/Merchant Store Front/COMPLEX/TC_COMPLEX_004]]></system-out>
      <system-err><![CDATA[]]></system-err>
   </testsuite>
</testsuites>
