<?xml version="1.0" encoding="UTF-8"?>
<testsuites name="COVID_19" time="141.028" tests="5" failures="0" errors="0">
   <testsuite name="COVID_19" tests="5" failures="0" errors="0" time="141.028" timestamp="2020-09-29 08:14:52" hostname="Natasha - 192.168.254.105" id="Test Suites/COVID_19">
      <properties>
         <property name="deviceName" value=""/>
         <property name="devicePlatform" value=""/>
         <property name="logFolder" value="C:\\Katalon\\FIND-FLAG\\Reports\\20200929_081445\\COVID_19\\20200929_081445"/>
         <property name="logFiles" value="C:\\Katalon\\FIND-FLAG\\Reports\\20200929_081445\\COVID_19\\20200929_081445\\execution0.log"/>
         <property name="attachments" value="C:\\Katalon\\FIND-FLAG\\Reports\\20200929_081445\\COVID_19\\20200929_081445\\1601338628222.png, C:\\Katalon\\FIND-FLAG\\Reports\\20200929_081445\\COVID_19\\20200929_081445\\1601338628865.png, C:\\Katalon\\FIND-FLAG\\Reports\\20200929_081445\\COVID_19\\20200929_081445\\1601338629449.png, C:\\Katalon\\FIND-FLAG\\Reports\\20200929_081445\\COVID_19\\20200929_081445\\1601338630036.png, C:\\Katalon\\FIND-FLAG\\Reports\\20200929_081445\\COVID_19\\20200929_081445\\1601338631135.png, C:\\Katalon\\FIND-FLAG\\Reports\\20200929_081445\\COVID_19\\20200929_081445\\1601338631729.png, C:\\Katalon\\FIND-FLAG\\Reports\\20200929_081445\\COVID_19\\20200929_081445\\1601338632331.png, C:\\Katalon\\FIND-FLAG\\Reports\\20200929_081445\\COVID_19\\20200929_081445\\1601338632908.png"/>
         <property name="hostName" value="Natasha - 192.168.254.105"/>
         <property name="os" value="Windows 10 64bit"/>
         <property name="katalonVersion" value="7.6.6.205"/>
         <property name="browser" value="Chrome 85.0.4183.121"/>
         <property name="hostAddress" value="192.168.254.105"/>
         <property name="sessionId" value="40a998e540236fc5a0f263ba4ab63f8e"/>
         <property name="seleniumVersion" value="3.141.59"/>
         <property name="proxyInformation" value="ProxyInformation { proxyOption=NO_PROXY, proxyServerType=HTTP, username=, password=********, proxyServerAddress=, proxyServerPort=0, executionList=&quot;&quot;, isApplyToDesiredCapabilities=true }"/>
         <property name="platform" value="Windows 10"/>
      </properties>
      <testcase name="Test Cases/COVID19/Search Page/COMPLEX/TC_COMPLEX_001" time="32.465" classname="Test Cases/COVID19/Search Page/COMPLEX/TC_COMPLEX_001" status="PASSED">
         <system-out><![CDATA[2020-09-29 08:14:53 - [TEST_CASE][PASSED] - Test Cases/COVID19/Search Page/COMPLEX/TC_COMPLEX_001: Test Cases/COVID19/Search Page/COMPLEX/TC_COMPLEX_001

2020-09-29 08:14:53 - [TEST_STEP][PASSED] - callTestCase(findTestCase("UTILITIES/COVID19/Buyer Login"), [:], STOP_ON_FAILURE): Call Test Case 'Test Cases/UTILITIES/COVID19/Buyer Login' successfully

2020-09-29 08:14:53 - [TEST_CASE][PASSED] - Test Cases/UTILITIES/COVID19/Buyer Login: Test Cases/UTILITIES/COVID19/Buyer Login

2020-09-29 08:14:53 - [TEST_STEP][PASSED] - openBrowser(""): Browser is opened with url: ''

2020-09-29 08:14:54 - [MESSAGE][INFO] - Starting 'Chrome' driver

2020-09-29 08:14:54 - [MESSAGE][INFO] - Action delay is set to 0 milliseconds

2020-09-29 08:14:58 - [MESSAGE][PASSED] - Browser is opened with url: ''

2020-09-29 08:14:58 - [TEST_STEP][PASSED] - maximizeWindow(): Current window maximized

2020-09-29 08:15:00 - [MESSAGE][PASSED] - Current window maximized

2020-09-29 08:15:00 - [TEST_STEP][PASSED] - navigateToUrl(url): Navigate to 'https://covid19sandbox.test-arcadier.com' successfully

2020-09-29 08:15:04 - [MESSAGE][PASSED] - Navigate to 'https://covid19sandbox.test-arcadier.com' successfully

2020-09-29 08:15:04 - [TEST_STEP][PASSED] - click(findTestObject("USER_SIGN_IN/link_sign_in"), STOP_ON_FAILURE): Object: 'Object Repository/USER_SIGN_IN/link_sign_in' is clicked on

2020-09-29 08:15:06 - [MESSAGE][PASSED] - Object: 'Object Repository/USER_SIGN_IN/link_sign_in' is clicked on

2020-09-29 08:15:06 - [TEST_STEP][PASSED] - click(findTestObject("USER_SIGN_IN/link_sign_is_as_buyer")): Object: 'Object Repository/USER_SIGN_IN/link_sign_is_as_buyer' is clicked on

2020-09-29 08:15:06 - [MESSAGE][PASSED] - Object: 'Object Repository/USER_SIGN_IN/link_sign_is_as_buyer' is clicked on

2020-09-29 08:15:06 - [TEST_STEP][PASSED] - setText(findTestObject("USER_SIGN_IN/input_username"), username): Text 'codemafia' is set on object 'Object Repository/USER_SIGN_IN/input_username'

2020-09-29 08:15:07 - [MESSAGE][PASSED] - Text 'codemafia' is set on object 'Object Repository/USER_SIGN_IN/input_username'

2020-09-29 08:15:07 - [TEST_STEP][PASSED] - setText(findTestObject("USER_SIGN_IN/input_password"), password): Text 'welcome8' is set on object 'Object Repository/USER_SIGN_IN/input_password'

2020-09-29 08:15:08 - [MESSAGE][PASSED] - Text 'welcome8' is set on object 'Object Repository/USER_SIGN_IN/input_password'

2020-09-29 08:15:08 - [TEST_STEP][PASSED] - click(findTestObject("USER_SIGN_IN/btn_submit")): Object: 'Object Repository/USER_SIGN_IN/btn_submit' is clicked on

2020-09-29 08:15:10 - [MESSAGE][PASSED] - Object: 'Object Repository/USER_SIGN_IN/btn_submit' is clicked on

2020-09-29 08:15:10 - [MESSAGE][PASSED] - Call Test Case 'Test Cases/UTILITIES/COVID19/Buyer Login' successfully

2020-09-29 08:15:10 - [TEST_STEP][PASSED] - callTestCase(findTestCase("UTILITIES/COVID19/Search Item Homepage"), [:], STOP_ON_FAILURE): Call Test Case 'Test Cases/UTILITIES/COVID19/Search Item Homepage' successfully

2020-09-29 08:15:10 - [TEST_CASE][PASSED] - Test Cases/UTILITIES/COVID19/Search Item Homepage: Test Cases/UTILITIES/COVID19/Search Item Homepage

2020-09-29 08:15:11 - [TEST_STEP][PASSED] - setText(findTestObject("homepage_search/input_search"), "uploaded in automated"): Text 'uploaded in automated' is set on object 'Object Repository/homepage_search/input_search'

2020-09-29 08:15:12 - [MESSAGE][PASSED] - Text 'uploaded in automated' is set on object 'Object Repository/homepage_search/input_search'

2020-09-29 08:15:12 - [TEST_STEP][PASSED] - click(findTestObject("homepage_search/btn_search")): Object: 'Object Repository/homepage_search/btn_search' is clicked on

2020-09-29 08:15:24 - [MESSAGE][PASSED] - Object: 'Object Repository/homepage_search/btn_search' is clicked on

2020-09-29 08:15:24 - [MESSAGE][PASSED] - Call Test Case 'Test Cases/UTILITIES/COVID19/Search Item Homepage' successfully

2020-09-29 08:15:24 - [TEST_STEP][PASSED] - verifyElementPresent(findTestObject("search_page/flag_icon"), 0): Object 'Object Repository/search_page/flag_icon' is present

2020-09-29 08:15:24 - [MESSAGE][WARNING] - Timeout '0' is invalid. Using default page load timeout: '30'

2020-09-29 08:15:25 - [MESSAGE][PASSED] - Object 'Object Repository/search_page/flag_icon' is present]]></system-out>
         <system-err><![CDATA[]]></system-err>
      </testcase>
      <testcase name="Test Cases/COVID19/Search Page/COMPLEX/TC_COMPLEX_002" time="22.563" classname="Test Cases/COVID19/Search Page/COMPLEX/TC_COMPLEX_002" status="PASSED">
         <system-out><![CDATA[2020-09-29 08:15:25 - [TEST_CASE][PASSED] - Test Cases/COVID19/Search Page/COMPLEX/TC_COMPLEX_002: Test Cases/COVID19/Search Page/COMPLEX/TC_COMPLEX_002

2020-09-29 08:15:25 - [TEST_STEP][PASSED] - callTestCase(findTestCase("UTILITIES/COVID19/Buyer Login"), [:], STOP_ON_FAILURE): Call Test Case 'Test Cases/UTILITIES/COVID19/Buyer Login' successfully

2020-09-29 08:15:25 - [TEST_CASE][PASSED] - Test Cases/UTILITIES/COVID19/Buyer Login: Test Cases/UTILITIES/COVID19/Buyer Login

2020-09-29 08:15:25 - [TEST_STEP][PASSED] - openBrowser(""): Browser is opened with url: ''

2020-09-29 08:15:25 - [MESSAGE][WARNING] - A browser is already opened. Closing browser and opening a new one

2020-09-29 08:15:26 - [MESSAGE][INFO] - Starting 'Chrome' driver

2020-09-29 08:15:26 - [MESSAGE][INFO] - Action delay is set to 0 milliseconds

2020-09-29 08:15:29 - [MESSAGE][PASSED] - Browser is opened with url: ''

2020-09-29 08:15:29 - [TEST_STEP][PASSED] - maximizeWindow(): Current window maximized

2020-09-29 08:15:32 - [MESSAGE][PASSED] - Current window maximized

2020-09-29 08:15:32 - [TEST_STEP][PASSED] - navigateToUrl(url): Navigate to 'https://covid19sandbox.test-arcadier.com' successfully

2020-09-29 08:15:35 - [MESSAGE][PASSED] - Navigate to 'https://covid19sandbox.test-arcadier.com' successfully

2020-09-29 08:15:35 - [TEST_STEP][PASSED] - click(findTestObject("USER_SIGN_IN/link_sign_in"), STOP_ON_FAILURE): Object: 'Object Repository/USER_SIGN_IN/link_sign_in' is clicked on

2020-09-29 08:15:37 - [MESSAGE][PASSED] - Object: 'Object Repository/USER_SIGN_IN/link_sign_in' is clicked on

2020-09-29 08:15:37 - [TEST_STEP][PASSED] - click(findTestObject("USER_SIGN_IN/link_sign_is_as_buyer")): Object: 'Object Repository/USER_SIGN_IN/link_sign_is_as_buyer' is clicked on

2020-09-29 08:15:37 - [MESSAGE][PASSED] - Object: 'Object Repository/USER_SIGN_IN/link_sign_is_as_buyer' is clicked on

2020-09-29 08:15:37 - [TEST_STEP][PASSED] - setText(findTestObject("USER_SIGN_IN/input_username"), username): Text 'codemafia' is set on object 'Object Repository/USER_SIGN_IN/input_username'

2020-09-29 08:15:38 - [MESSAGE][PASSED] - Text 'codemafia' is set on object 'Object Repository/USER_SIGN_IN/input_username'

2020-09-29 08:15:38 - [TEST_STEP][PASSED] - setText(findTestObject("USER_SIGN_IN/input_password"), password): Text 'welcome8' is set on object 'Object Repository/USER_SIGN_IN/input_password'

2020-09-29 08:15:39 - [MESSAGE][PASSED] - Text 'welcome8' is set on object 'Object Repository/USER_SIGN_IN/input_password'

2020-09-29 08:15:39 - [TEST_STEP][PASSED] - click(findTestObject("USER_SIGN_IN/btn_submit")): Object: 'Object Repository/USER_SIGN_IN/btn_submit' is clicked on

2020-09-29 08:15:43 - [MESSAGE][PASSED] - Object: 'Object Repository/USER_SIGN_IN/btn_submit' is clicked on

2020-09-29 08:15:43 - [MESSAGE][PASSED] - Call Test Case 'Test Cases/UTILITIES/COVID19/Buyer Login' successfully

2020-09-29 08:15:43 - [TEST_STEP][PASSED] - setText(findTestObject("homepage_search/input_search"), "item1598418357"): Text 'item1598418357' is set on object 'Object Repository/homepage_search/input_search'

2020-09-29 08:15:45 - [MESSAGE][PASSED] - Text 'item1598418357' is set on object 'Object Repository/homepage_search/input_search'

2020-09-29 08:15:45 - [TEST_STEP][PASSED] - click(findTestObject("homepage_search/btn_search")): Object: 'Object Repository/homepage_search/btn_search' is clicked on

2020-09-29 08:15:47 - [MESSAGE][PASSED] - Object: 'Object Repository/homepage_search/btn_search' is clicked on

2020-09-29 08:15:47 - [TEST_STEP][PASSED] - verifyElementNotPresent(findTestObject("search_page/flag_icon"), 0): Web element with id: 'Object Repository/search_page/flag_icon' located by 'By.xpath: //div[@id='items-list']/div/div/div/div/div/img' is not present after '30' second(s)

2020-09-29 08:15:47 - [MESSAGE][WARNING] - Timeout '0' is invalid. Using default page load timeout: '30'

2020-09-29 08:15:48 - [MESSAGE][PASSED] - Web element with id: 'Object Repository/search_page/flag_icon' located by 'By.xpath: //div[@id='items-list']/div/div/div/div/div/img' is not present after '30' second(s)]]></system-out>
         <system-err><![CDATA[]]></system-err>
      </testcase>
      <testcase name="Test Cases/COVID19/Merchant Store Front/COMPLEX/TC_COMPLEX_003" time="29.75" classname="Test Cases/COVID19/Merchant Store Front/COMPLEX/TC_COMPLEX_003" status="PASSED">
         <system-out><![CDATA[2020-09-29 08:15:48 - [TEST_CASE][PASSED] - Test Cases/COVID19/Merchant Store Front/COMPLEX/TC_COMPLEX_003: Test Cases/COVID19/Merchant Store Front/COMPLEX/TC_COMPLEX_003

2020-09-29 08:15:48 - [TEST_STEP][PASSED] - callTestCase(findTestCase("UTILITIES/COVID19/Buyer Login"), [:], STOP_ON_FAILURE): Call Test Case 'Test Cases/UTILITIES/COVID19/Buyer Login' successfully

2020-09-29 08:15:48 - [TEST_CASE][PASSED] - Test Cases/UTILITIES/COVID19/Buyer Login: Test Cases/UTILITIES/COVID19/Buyer Login

2020-09-29 08:15:48 - [TEST_STEP][PASSED] - openBrowser(""): Browser is opened with url: ''

2020-09-29 08:15:48 - [MESSAGE][WARNING] - A browser is already opened. Closing browser and opening a new one

2020-09-29 08:15:49 - [MESSAGE][INFO] - Starting 'Chrome' driver

2020-09-29 08:15:49 - [MESSAGE][INFO] - Action delay is set to 0 milliseconds

2020-09-29 08:15:52 - [MESSAGE][PASSED] - Browser is opened with url: ''

2020-09-29 08:15:52 - [TEST_STEP][PASSED] - maximizeWindow(): Current window maximized

2020-09-29 08:15:54 - [MESSAGE][PASSED] - Current window maximized

2020-09-29 08:15:54 - [TEST_STEP][PASSED] - navigateToUrl(url): Navigate to 'https://covid19sandbox.test-arcadier.com' successfully

2020-09-29 08:15:57 - [MESSAGE][PASSED] - Navigate to 'https://covid19sandbox.test-arcadier.com' successfully

2020-09-29 08:15:57 - [TEST_STEP][PASSED] - click(findTestObject("USER_SIGN_IN/link_sign_in"), STOP_ON_FAILURE): Object: 'Object Repository/USER_SIGN_IN/link_sign_in' is clicked on

2020-09-29 08:15:59 - [MESSAGE][PASSED] - Object: 'Object Repository/USER_SIGN_IN/link_sign_in' is clicked on

2020-09-29 08:15:59 - [TEST_STEP][PASSED] - click(findTestObject("USER_SIGN_IN/link_sign_is_as_buyer")): Object: 'Object Repository/USER_SIGN_IN/link_sign_is_as_buyer' is clicked on

2020-09-29 08:16:00 - [MESSAGE][PASSED] - Object: 'Object Repository/USER_SIGN_IN/link_sign_is_as_buyer' is clicked on

2020-09-29 08:16:00 - [TEST_STEP][PASSED] - setText(findTestObject("USER_SIGN_IN/input_username"), username): Text 'codemafia' is set on object 'Object Repository/USER_SIGN_IN/input_username'

2020-09-29 08:16:00 - [MESSAGE][PASSED] - Text 'codemafia' is set on object 'Object Repository/USER_SIGN_IN/input_username'

2020-09-29 08:16:00 - [TEST_STEP][PASSED] - setText(findTestObject("USER_SIGN_IN/input_password"), password): Text 'welcome8' is set on object 'Object Repository/USER_SIGN_IN/input_password'

2020-09-29 08:16:01 - [MESSAGE][PASSED] - Text 'welcome8' is set on object 'Object Repository/USER_SIGN_IN/input_password'

2020-09-29 08:16:01 - [TEST_STEP][PASSED] - click(findTestObject("USER_SIGN_IN/btn_submit")): Object: 'Object Repository/USER_SIGN_IN/btn_submit' is clicked on

2020-09-29 08:16:03 - [MESSAGE][PASSED] - Object: 'Object Repository/USER_SIGN_IN/btn_submit' is clicked on

2020-09-29 08:16:03 - [MESSAGE][PASSED] - Call Test Case 'Test Cases/UTILITIES/COVID19/Buyer Login' successfully

2020-09-29 08:16:03 - [TEST_STEP][PASSED] - callTestCase(findTestCase("UTILITIES/COVID19/Search Item Homepage"), [:], STOP_ON_FAILURE): Call Test Case 'Test Cases/UTILITIES/COVID19/Search Item Homepage' successfully

2020-09-29 08:16:04 - [TEST_CASE][PASSED] - Test Cases/UTILITIES/COVID19/Search Item Homepage: Test Cases/UTILITIES/COVID19/Search Item Homepage

2020-09-29 08:16:04 - [TEST_STEP][PASSED] - setText(findTestObject("homepage_search/input_search"), "uploaded in automated"): Text 'uploaded in automated' is set on object 'Object Repository/homepage_search/input_search'

2020-09-29 08:16:06 - [MESSAGE][PASSED] - Text 'uploaded in automated' is set on object 'Object Repository/homepage_search/input_search'

2020-09-29 08:16:06 - [TEST_STEP][PASSED] - click(findTestObject("homepage_search/btn_search")): Object: 'Object Repository/homepage_search/btn_search' is clicked on

2020-09-29 08:16:07 - [MESSAGE][PASSED] - Object: 'Object Repository/homepage_search/btn_search' is clicked on

2020-09-29 08:16:07 - [MESSAGE][PASSED] - Call Test Case 'Test Cases/UTILITIES/COVID19/Search Item Homepage' successfully

2020-09-29 08:16:07 - [TEST_STEP][PASSED] - click(findTestObject("nav_to_storefront/item_name")): Object: 'Object Repository/nav_to_storefront/item_name' is clicked on

2020-09-29 08:16:11 - [MESSAGE][PASSED] - Object: 'Object Repository/nav_to_storefront/item_name' is clicked on

2020-09-29 08:16:11 - [TEST_STEP][PASSED] - switchToWindowIndex(1): Switched to window with index: '1'

2020-09-29 08:16:11 - [MESSAGE][PASSED] - Switched to window with index: '1'

2020-09-29 08:16:11 - [TEST_STEP][PASSED] - click(findTestObject("nav_to_storefront/seller_name")): Object: 'Object Repository/nav_to_storefront/seller_name' is clicked on

2020-09-29 08:16:15 - [MESSAGE][PASSED] - Object: 'Object Repository/nav_to_storefront/seller_name' is clicked on

2020-09-29 08:16:15 - [TEST_STEP][PASSED] - setText(findTestObject("nav_to_storefront/input_search"), "uploaded in automated"): Text 'uploaded in automated' is set on object 'Object Repository/nav_to_storefront/input_search'

2020-09-29 08:16:16 - [MESSAGE][PASSED] - Text 'uploaded in automated' is set on object 'Object Repository/nav_to_storefront/input_search'

2020-09-29 08:16:16 - [TEST_STEP][PASSED] - click(findTestObject("nav_to_storefront/btn_search")): Object: 'Object Repository/nav_to_storefront/btn_search' is clicked on

2020-09-29 08:16:17 - [MESSAGE][PASSED] - Object: 'Object Repository/nav_to_storefront/btn_search' is clicked on

2020-09-29 08:16:17 - [TEST_STEP][PASSED] - verifyElementPresent(findTestObject("nav_to_storefront/find_flag"), 0): Object 'Object Repository/nav_to_storefront/find_flag' is present

2020-09-29 08:16:17 - [MESSAGE][WARNING] - Timeout '0' is invalid. Using default page load timeout: '30'

2020-09-29 08:16:17 - [MESSAGE][PASSED] - Object 'Object Repository/nav_to_storefront/find_flag' is present]]></system-out>
         <system-err><![CDATA[]]></system-err>
      </testcase>
      <testcase name="Test Cases/COVID19/Merchant Store Front/COMPLEX/TC_COMPLEX_004" time="30.854" classname="Test Cases/COVID19/Merchant Store Front/COMPLEX/TC_COMPLEX_004" status="PASSED">
         <system-out><![CDATA[2020-09-29 08:16:17 - [TEST_CASE][PASSED] - Test Cases/COVID19/Merchant Store Front/COMPLEX/TC_COMPLEX_004: Test Cases/COVID19/Merchant Store Front/COMPLEX/TC_COMPLEX_004

2020-09-29 08:16:18 - [TEST_STEP][PASSED] - callTestCase(findTestCase("UTILITIES/COVID19/Buyer Login"), [:], STOP_ON_FAILURE): Call Test Case 'Test Cases/UTILITIES/COVID19/Buyer Login' successfully

2020-09-29 08:16:18 - [TEST_CASE][PASSED] - Test Cases/UTILITIES/COVID19/Buyer Login: Test Cases/UTILITIES/COVID19/Buyer Login

2020-09-29 08:16:18 - [TEST_STEP][PASSED] - openBrowser(""): Browser is opened with url: ''

2020-09-29 08:16:18 - [MESSAGE][WARNING] - A browser is already opened. Closing browser and opening a new one

2020-09-29 08:16:19 - [MESSAGE][INFO] - Starting 'Chrome' driver

2020-09-29 08:16:19 - [MESSAGE][INFO] - Action delay is set to 0 milliseconds

2020-09-29 08:16:22 - [MESSAGE][PASSED] - Browser is opened with url: ''

2020-09-29 08:16:22 - [TEST_STEP][PASSED] - maximizeWindow(): Current window maximized

2020-09-29 08:16:24 - [MESSAGE][PASSED] - Current window maximized

2020-09-29 08:16:24 - [TEST_STEP][PASSED] - navigateToUrl(url): Navigate to 'https://covid19sandbox.test-arcadier.com' successfully

2020-09-29 08:16:27 - [MESSAGE][PASSED] - Navigate to 'https://covid19sandbox.test-arcadier.com' successfully

2020-09-29 08:16:27 - [TEST_STEP][PASSED] - click(findTestObject("USER_SIGN_IN/link_sign_in"), STOP_ON_FAILURE): Object: 'Object Repository/USER_SIGN_IN/link_sign_in' is clicked on

2020-09-29 08:16:29 - [MESSAGE][PASSED] - Object: 'Object Repository/USER_SIGN_IN/link_sign_in' is clicked on

2020-09-29 08:16:29 - [TEST_STEP][PASSED] - click(findTestObject("USER_SIGN_IN/link_sign_is_as_buyer")): Object: 'Object Repository/USER_SIGN_IN/link_sign_is_as_buyer' is clicked on

2020-09-29 08:16:29 - [MESSAGE][PASSED] - Object: 'Object Repository/USER_SIGN_IN/link_sign_is_as_buyer' is clicked on

2020-09-29 08:16:29 - [TEST_STEP][PASSED] - setText(findTestObject("USER_SIGN_IN/input_username"), username): Text 'codemafia' is set on object 'Object Repository/USER_SIGN_IN/input_username'

2020-09-29 08:16:30 - [MESSAGE][PASSED] - Text 'codemafia' is set on object 'Object Repository/USER_SIGN_IN/input_username'

2020-09-29 08:16:30 - [TEST_STEP][PASSED] - setText(findTestObject("USER_SIGN_IN/input_password"), password): Text 'welcome8' is set on object 'Object Repository/USER_SIGN_IN/input_password'

2020-09-29 08:16:31 - [MESSAGE][PASSED] - Text 'welcome8' is set on object 'Object Repository/USER_SIGN_IN/input_password'

2020-09-29 08:16:31 - [TEST_STEP][PASSED] - click(findTestObject("USER_SIGN_IN/btn_submit")): Object: 'Object Repository/USER_SIGN_IN/btn_submit' is clicked on

2020-09-29 08:16:34 - [MESSAGE][PASSED] - Object: 'Object Repository/USER_SIGN_IN/btn_submit' is clicked on

2020-09-29 08:16:34 - [MESSAGE][PASSED] - Call Test Case 'Test Cases/UTILITIES/COVID19/Buyer Login' successfully

2020-09-29 08:16:34 - [TEST_STEP][PASSED] - setText(findTestObject("homepage_search/input_search"), "item1598418357"): Text 'item1598418357' is set on object 'Object Repository/homepage_search/input_search'

2020-09-29 08:16:36 - [MESSAGE][PASSED] - Text 'item1598418357' is set on object 'Object Repository/homepage_search/input_search'

2020-09-29 08:16:36 - [TEST_STEP][PASSED] - click(findTestObject("homepage_search/btn_search")): Object: 'Object Repository/homepage_search/btn_search' is clicked on

2020-09-29 08:16:38 - [MESSAGE][PASSED] - Object: 'Object Repository/homepage_search/btn_search' is clicked on

2020-09-29 08:16:38 - [TEST_STEP][PASSED] - click(findTestObject("nav_to_storefront/item_name")): Object: 'Object Repository/nav_to_storefront/item_name' is clicked on

2020-09-29 08:16:41 - [MESSAGE][PASSED] - Object: 'Object Repository/nav_to_storefront/item_name' is clicked on

2020-09-29 08:16:41 - [TEST_STEP][PASSED] - switchToWindowIndex(1): Switched to window with index: '1'

2020-09-29 08:16:41 - [MESSAGE][PASSED] - Switched to window with index: '1'

2020-09-29 08:16:41 - [TEST_STEP][PASSED] - click(findTestObject("nav_to_storefront/seller_without_find")): Object: 'Object Repository/nav_to_storefront/seller_without_find' is clicked on

2020-09-29 08:16:46 - [MESSAGE][PASSED] - Object: 'Object Repository/nav_to_storefront/seller_without_find' is clicked on

2020-09-29 08:16:46 - [TEST_STEP][PASSED] - setText(findTestObject("nav_to_storefront/input_search"), "item1598418357"): Text 'item1598418357' is set on object 'Object Repository/nav_to_storefront/input_search'

2020-09-29 08:16:47 - [MESSAGE][PASSED] - Text 'item1598418357' is set on object 'Object Repository/nav_to_storefront/input_search'

2020-09-29 08:16:47 - [TEST_STEP][PASSED] - click(findTestObject("nav_to_storefront/btn_search")): Object: 'Object Repository/nav_to_storefront/btn_search' is clicked on

2020-09-29 08:16:48 - [MESSAGE][PASSED] - Object: 'Object Repository/nav_to_storefront/btn_search' is clicked on

2020-09-29 08:16:48 - [TEST_STEP][PASSED] - verifyElementNotPresent(findTestObject("nav_to_storefront/find_flag"), 0): Web element with id: 'Object Repository/nav_to_storefront/find_flag' located by 'By.xpath: //div[@id='items-list']/div/div/div/div/div/img' is not present after '30' second(s)

2020-09-29 08:16:48 - [MESSAGE][WARNING] - Timeout '0' is invalid. Using default page load timeout: '30'

2020-09-29 08:16:48 - [MESSAGE][PASSED] - Web element with id: 'Object Repository/nav_to_storefront/find_flag' located by 'By.xpath: //div[@id='items-list']/div/div/div/div/div/img' is not present after '30' second(s)]]></system-out>
         <system-err><![CDATA[]]></system-err>
      </testcase>
      <testcase name="Test Cases/COVID19/Home page/TC_COMPLEX_005" time="24.412" classname="Test Cases/COVID19/Home page/TC_COMPLEX_005" status="PASSED">
         <system-out><![CDATA[2020-09-29 08:16:48 - [TEST_CASE][PASSED] - Test Cases/COVID19/Home page/TC_COMPLEX_005: Test Cases/COVID19/Home page/TC_COMPLEX_005

2020-09-29 08:16:49 - [TEST_STEP][PASSED] - callTestCase(findTestCase("UTILITIES/COVID19/Buyer Login"), [:], STOP_ON_FAILURE): Call Test Case 'Test Cases/UTILITIES/COVID19/Buyer Login' successfully

2020-09-29 08:16:49 - [TEST_CASE][PASSED] - Test Cases/UTILITIES/COVID19/Buyer Login: Test Cases/UTILITIES/COVID19/Buyer Login

2020-09-29 08:16:49 - [TEST_STEP][PASSED] - openBrowser(""): Browser is opened with url: ''

2020-09-29 08:16:49 - [MESSAGE][WARNING] - A browser is already opened. Closing browser and opening a new one

2020-09-29 08:16:49 - [MESSAGE][INFO] - Starting 'Chrome' driver

2020-09-29 08:16:49 - [MESSAGE][INFO] - Action delay is set to 0 milliseconds

2020-09-29 08:16:53 - [MESSAGE][PASSED] - Browser is opened with url: ''

2020-09-29 08:16:53 - [TEST_STEP][PASSED] - maximizeWindow(): Current window maximized

2020-09-29 08:16:55 - [MESSAGE][PASSED] - Current window maximized

2020-09-29 08:16:55 - [TEST_STEP][PASSED] - navigateToUrl(url): Navigate to 'https://covid19sandbox.test-arcadier.com' successfully

2020-09-29 08:16:58 - [MESSAGE][PASSED] - Navigate to 'https://covid19sandbox.test-arcadier.com' successfully

2020-09-29 08:16:58 - [TEST_STEP][PASSED] - click(findTestObject("USER_SIGN_IN/link_sign_in"), STOP_ON_FAILURE): Object: 'Object Repository/USER_SIGN_IN/link_sign_in' is clicked on

2020-09-29 08:17:01 - [MESSAGE][PASSED] - Object: 'Object Repository/USER_SIGN_IN/link_sign_in' is clicked on

2020-09-29 08:17:01 - [TEST_STEP][PASSED] - click(findTestObject("USER_SIGN_IN/link_sign_is_as_buyer")): Object: 'Object Repository/USER_SIGN_IN/link_sign_is_as_buyer' is clicked on

2020-09-29 08:17:02 - [MESSAGE][PASSED] - Object: 'Object Repository/USER_SIGN_IN/link_sign_is_as_buyer' is clicked on

2020-09-29 08:17:02 - [TEST_STEP][PASSED] - setText(findTestObject("USER_SIGN_IN/input_username"), username): Text 'codemafia' is set on object 'Object Repository/USER_SIGN_IN/input_username'

2020-09-29 08:17:03 - [MESSAGE][PASSED] - Text 'codemafia' is set on object 'Object Repository/USER_SIGN_IN/input_username'

2020-09-29 08:17:03 - [TEST_STEP][PASSED] - setText(findTestObject("USER_SIGN_IN/input_password"), password): Text 'welcome8' is set on object 'Object Repository/USER_SIGN_IN/input_password'

2020-09-29 08:17:03 - [MESSAGE][PASSED] - Text 'welcome8' is set on object 'Object Repository/USER_SIGN_IN/input_password'

2020-09-29 08:17:03 - [TEST_STEP][PASSED] - click(findTestObject("USER_SIGN_IN/btn_submit")): Object: 'Object Repository/USER_SIGN_IN/btn_submit' is clicked on

2020-09-29 08:17:06 - [MESSAGE][PASSED] - Object: 'Object Repository/USER_SIGN_IN/btn_submit' is clicked on

2020-09-29 08:17:06 - [MESSAGE][PASSED] - Call Test Case 'Test Cases/UTILITIES/COVID19/Buyer Login' successfully

2020-09-29 08:17:06 - [TEST_STEP][PASSED] - count = 0: null

2020-09-29 08:17:06 - [TEST_STEP][PASSED] - for ([pos = 1, pos <= 10, (pos++)]): Object '' has attribute 'class' with actual value '' instead of expected value 'find-flag' (Root cause: com.kms.katalon.core.exception.StepFailedException: Object '' has attribute 'class' with actual value '' instead of expected value 'find-flag'
	at com.kms.katalon.core.webui.keyword.internal.WebUIKeywordMain.stepFailed(WebUIKeywordMain.groovy:64)
	at com.kms.katalon.core.webui.keyword.builtin.VerifyElementAttributeValueKeyword$_verifyElementAttributeValue_closure1.doCall(VerifyElementAttributeValueKeyword.groovy:94)
	at com.kms.katalon.core.webui.keyword.builtin.VerifyElementAttributeValueKeyword$_verifyElementAttributeValue_closure1.call(VerifyElementAttributeValueKeyword.groovy)
	at com.kms.katalon.core.webui.keyword.internal.WebUIKeywordMain.runKeyword(WebUIKeywordMain.groovy:20)
	at com.kms.katalon.core.webui.keyword.builtin.VerifyElementAttributeValueKeyword.verifyElementAttributeValue(VerifyElementAttributeValueKeyword.groovy:109)
	at com.kms.katalon.core.webui.keyword.builtin.VerifyElementAttributeValueKeyword.execute(VerifyElementAttributeValueKeyword.groovy:70)
	at com.kms.katalon.core.keyword.internal.KeywordExecutor.executeKeywordForPlatform(KeywordExecutor.groovy:73)
	at com.kms.katalon.core.webui.keyword.WebUiBuiltInKeywords.verifyElementAttributeValue(WebUiBuiltInKeywords.groovy:3260)
	at com.kms.katalon.core.webui.keyword.WebUiBuiltInKeywords$verifyElementAttributeValue$8.call(Unknown Source)
	at TC_COMPLEX_005.run(TC_COMPLEX_005:34)
	at com.kms.katalon.core.main.ScriptEngine.run(ScriptEngine.java:194)
	at com.kms.katalon.core.main.ScriptEngine.runScriptAsRawText(ScriptEngine.java:119)
	at com.kms.katalon.core.main.TestCaseExecutor.runScript(TestCaseExecutor.java:339)
	at com.kms.katalon.core.main.TestCaseExecutor.doExecute(TestCaseExecutor.java:330)
	at com.kms.katalon.core.main.TestCaseExecutor.processExecutionPhase(TestCaseExecutor.java:309)
	at com.kms.katalon.core.main.TestCaseExecutor.accessMainPhase(TestCaseExecutor.java:301)
	at com.kms.katalon.core.main.TestCaseExecutor.execute(TestCaseExecutor.java:235)
	at com.kms.katalon.core.main.TestSuiteExecutor.accessTestCaseMainPhase(TestSuiteExecutor.java:191)
	at com.kms.katalon.core.main.TestSuiteExecutor.accessTestSuiteMainPhase(TestSuiteExecutor.java:141)
	at com.kms.katalon.core.main.TestSuiteExecutor.execute(TestSuiteExecutor.java:90)
	at com.kms.katalon.core.main.TestCaseMain.startTestSuite(TestCaseMain.java:157)
	at com.kms.katalon.core.main.TestCaseMain$startTestSuite$0.call(Unknown Source)
	at TempTestSuite1601338485249.run(TempTestSuite1601338485249.groovy:39)
)

2020-09-29 08:17:06 - [TEST_STEP][PASSED] - element = TestObject().addProperty("xpath", EQUALS, "/html/body/div[4]/div/div/div/div[3]/div/div/a[" + pos + "]"): null

2020-09-29 08:17:06 - [TEST_STEP][PASSED] - if (verifyElementAttributeValue(element, "class", "find-flag", 0, OPTIONAL) == true): Object '' has attribute 'class' with actual value '' instead of expected value 'find-flag' (Root cause: com.kms.katalon.core.exception.StepFailedException: Object '' has attribute 'class' with actual value '' instead of expected value 'find-flag'
	at com.kms.katalon.core.webui.keyword.internal.WebUIKeywordMain.stepFailed(WebUIKeywordMain.groovy:64)
	at com.kms.katalon.core.webui.keyword.builtin.VerifyElementAttributeValueKeyword$_verifyElementAttributeValue_closure1.doCall(VerifyElementAttributeValueKeyword.groovy:94)
	at com.kms.katalon.core.webui.keyword.builtin.VerifyElementAttributeValueKeyword$_verifyElementAttributeValue_closure1.call(VerifyElementAttributeValueKeyword.groovy)
	at com.kms.katalon.core.webui.keyword.internal.WebUIKeywordMain.runKeyword(WebUIKeywordMain.groovy:20)
	at com.kms.katalon.core.webui.keyword.builtin.VerifyElementAttributeValueKeyword.verifyElementAttributeValue(VerifyElementAttributeValueKeyword.groovy:109)
	at com.kms.katalon.core.webui.keyword.builtin.VerifyElementAttributeValueKeyword.execute(VerifyElementAttributeValueKeyword.groovy:70)
	at com.kms.katalon.core.keyword.internal.KeywordExecutor.executeKeywordForPlatform(KeywordExecutor.groovy:73)
	at com.kms.katalon.core.webui.keyword.WebUiBuiltInKeywords.verifyElementAttributeValue(WebUiBuiltInKeywords.groovy:3260)
	at com.kms.katalon.core.webui.keyword.WebUiBuiltInKeywords$verifyElementAttributeValue$8.call(Unknown Source)
	at TC_COMPLEX_005.run(TC_COMPLEX_005:34)
	at com.kms.katalon.core.main.ScriptEngine.run(ScriptEngine.java:194)
	at com.kms.katalon.core.main.ScriptEngine.runScriptAsRawText(ScriptEngine.java:119)
	at com.kms.katalon.core.main.TestCaseExecutor.runScript(TestCaseExecutor.java:339)
	at com.kms.katalon.core.main.TestCaseExecutor.doExecute(TestCaseExecutor.java:330)
	at com.kms.katalon.core.main.TestCaseExecutor.processExecutionPhase(TestCaseExecutor.java:309)
	at com.kms.katalon.core.main.TestCaseExecutor.accessMainPhase(TestCaseExecutor.java:301)
	at com.kms.katalon.core.main.TestCaseExecutor.execute(TestCaseExecutor.java:235)
	at com.kms.katalon.core.main.TestSuiteExecutor.accessTestCaseMainPhase(TestSuiteExecutor.java:191)
	at com.kms.katalon.core.main.TestSuiteExecutor.accessTestSuiteMainPhase(TestSuiteExecutor.java:141)
	at com.kms.katalon.core.main.TestSuiteExecutor.execute(TestSuiteExecutor.java:90)
	at com.kms.katalon.core.main.TestCaseMain.startTestSuite(TestCaseMain.java:157)
	at com.kms.katalon.core.main.TestCaseMain$startTestSuite$0.call(Unknown Source)
	at TempTestSuite1601338485249.run(TempTestSuite1601338485249.groovy:39)
)

2020-09-29 08:17:06 - [MESSAGE][WARNING] - Timeout '0' is invalid. Using default page load timeout: '30'

2020-09-29 08:17:08 - [MESSAGE][WARNING] - Object '' has attribute 'class' with actual value '' instead of expected value 'find-flag' (Root cause: com.kms.katalon.core.exception.StepFailedException: Object '' has attribute 'class' with actual value '' instead of expected value 'find-flag'
	at com.kms.katalon.core.webui.keyword.internal.WebUIKeywordMain.stepFailed(WebUIKeywordMain.groovy:64)
	at com.kms.katalon.core.webui.keyword.builtin.VerifyElementAttributeValueKeyword$_verifyElementAttributeValue_closure1.doCall(VerifyElementAttributeValueKeyword.groovy:94)
	at com.kms.katalon.core.webui.keyword.builtin.VerifyElementAttributeValueKeyword$_verifyElementAttributeValue_closure1.call(VerifyElementAttributeValueKeyword.groovy)
	at com.kms.katalon.core.webui.keyword.internal.WebUIKeywordMain.runKeyword(WebUIKeywordMain.groovy:20)
	at com.kms.katalon.core.webui.keyword.builtin.VerifyElementAttributeValueKeyword.verifyElementAttributeValue(VerifyElementAttributeValueKeyword.groovy:109)
	at com.kms.katalon.core.webui.keyword.builtin.VerifyElementAttributeValueKeyword.execute(VerifyElementAttributeValueKeyword.groovy:70)
	at com.kms.katalon.core.keyword.internal.KeywordExecutor.executeKeywordForPlatform(KeywordExecutor.groovy:73)
	at com.kms.katalon.core.webui.keyword.WebUiBuiltInKeywords.verifyElementAttributeValue(WebUiBuiltInKeywords.groovy:3260)
	at com.kms.katalon.core.webui.keyword.WebUiBuiltInKeywords$verifyElementAttributeValue$8.call(Unknown Source)
	at TC_COMPLEX_005.run(TC_COMPLEX_005:34)
	at com.kms.katalon.core.main.ScriptEngine.run(ScriptEngine.java:194)
	at com.kms.katalon.core.main.ScriptEngine.runScriptAsRawText(ScriptEngine.java:119)
	at com.kms.katalon.core.main.TestCaseExecutor.runScript(TestCaseExecutor.java:339)
	at com.kms.katalon.core.main.TestCaseExecutor.doExecute(TestCaseExecutor.java:330)
	at com.kms.katalon.core.main.TestCaseExecutor.processExecutionPhase(TestCaseExecutor.java:309)
	at com.kms.katalon.core.main.TestCaseExecutor.accessMainPhase(TestCaseExecutor.java:301)
	at com.kms.katalon.core.main.TestCaseExecutor.execute(TestCaseExecutor.java:235)
	at com.kms.katalon.core.main.TestSuiteExecutor.accessTestCaseMainPhase(TestSuiteExecutor.java:191)
	at com.kms.katalon.core.main.TestSuiteExecutor.accessTestSuiteMainPhase(TestSuiteExecutor.java:141)
	at com.kms.katalon.core.main.TestSuiteExecutor.execute(TestSuiteExecutor.java:90)
	at com.kms.katalon.core.main.TestCaseMain.startTestSuite(TestCaseMain.java:157)
	at com.kms.katalon.core.main.TestCaseMain$startTestSuite$0.call(Unknown Source)
	at TempTestSuite1601338485249.run(TempTestSuite1601338485249.groovy:39)
)
[[ATTACHMENT|C:\\Katalon\\FIND-FLAG\\Reports\\20200929_081445\\COVID_19\\20200929_081445\\1601338628222.png]]

2020-09-29 08:17:08 - [TEST_STEP][PASSED] - element = TestObject().addProperty("xpath", EQUALS, "/html/body/div[4]/div/div/div/div[3]/div/div/a[" + pos + "]"): null

2020-09-29 08:17:08 - [TEST_STEP][PASSED] - if (verifyElementAttributeValue(element, "class", "find-flag", 0, OPTIONAL) == true): Object '' has attribute 'class' with actual value '' instead of expected value 'find-flag' (Root cause: com.kms.katalon.core.exception.StepFailedException: Object '' has attribute 'class' with actual value '' instead of expected value 'find-flag'
	at com.kms.katalon.core.webui.keyword.internal.WebUIKeywordMain.stepFailed(WebUIKeywordMain.groovy:64)
	at com.kms.katalon.core.webui.keyword.builtin.VerifyElementAttributeValueKeyword$_verifyElementAttributeValue_closure1.doCall(VerifyElementAttributeValueKeyword.groovy:94)
	at com.kms.katalon.core.webui.keyword.builtin.VerifyElementAttributeValueKeyword$_verifyElementAttributeValue_closure1.call(VerifyElementAttributeValueKeyword.groovy)
	at com.kms.katalon.core.webui.keyword.internal.WebUIKeywordMain.runKeyword(WebUIKeywordMain.groovy:20)
	at com.kms.katalon.core.webui.keyword.builtin.VerifyElementAttributeValueKeyword.verifyElementAttributeValue(VerifyElementAttributeValueKeyword.groovy:109)
	at com.kms.katalon.core.webui.keyword.builtin.VerifyElementAttributeValueKeyword.execute(VerifyElementAttributeValueKeyword.groovy:70)
	at com.kms.katalon.core.keyword.internal.KeywordExecutor.executeKeywordForPlatform(KeywordExecutor.groovy:73)
	at com.kms.katalon.core.webui.keyword.WebUiBuiltInKeywords.verifyElementAttributeValue(WebUiBuiltInKeywords.groovy:3260)
	at com.kms.katalon.core.webui.keyword.WebUiBuiltInKeywords$verifyElementAttributeValue$8.call(Unknown Source)
	at TC_COMPLEX_005.run(TC_COMPLEX_005:34)
	at com.kms.katalon.core.main.ScriptEngine.run(ScriptEngine.java:194)
	at com.kms.katalon.core.main.ScriptEngine.runScriptAsRawText(ScriptEngine.java:119)
	at com.kms.katalon.core.main.TestCaseExecutor.runScript(TestCaseExecutor.java:339)
	at com.kms.katalon.core.main.TestCaseExecutor.doExecute(TestCaseExecutor.java:330)
	at com.kms.katalon.core.main.TestCaseExecutor.processExecutionPhase(TestCaseExecutor.java:309)
	at com.kms.katalon.core.main.TestCaseExecutor.accessMainPhase(TestCaseExecutor.java:301)
	at com.kms.katalon.core.main.TestCaseExecutor.execute(TestCaseExecutor.java:235)
	at com.kms.katalon.core.main.TestSuiteExecutor.accessTestCaseMainPhase(TestSuiteExecutor.java:191)
	at com.kms.katalon.core.main.TestSuiteExecutor.accessTestSuiteMainPhase(TestSuiteExecutor.java:141)
	at com.kms.katalon.core.main.TestSuiteExecutor.execute(TestSuiteExecutor.java:90)
	at com.kms.katalon.core.main.TestCaseMain.startTestSuite(TestCaseMain.java:157)
	at com.kms.katalon.core.main.TestCaseMain$startTestSuite$0.call(Unknown Source)
	at TempTestSuite1601338485249.run(TempTestSuite1601338485249.groovy:39)
)

2020-09-29 08:17:08 - [MESSAGE][WARNING] - Timeout '0' is invalid. Using default page load timeout: '30'

2020-09-29 08:17:09 - [MESSAGE][WARNING] - Object '' has attribute 'class' with actual value '' instead of expected value 'find-flag' (Root cause: com.kms.katalon.core.exception.StepFailedException: Object '' has attribute 'class' with actual value '' instead of expected value 'find-flag'
	at com.kms.katalon.core.webui.keyword.internal.WebUIKeywordMain.stepFailed(WebUIKeywordMain.groovy:64)
	at com.kms.katalon.core.webui.keyword.builtin.VerifyElementAttributeValueKeyword$_verifyElementAttributeValue_closure1.doCall(VerifyElementAttributeValueKeyword.groovy:94)
	at com.kms.katalon.core.webui.keyword.builtin.VerifyElementAttributeValueKeyword$_verifyElementAttributeValue_closure1.call(VerifyElementAttributeValueKeyword.groovy)
	at com.kms.katalon.core.webui.keyword.internal.WebUIKeywordMain.runKeyword(WebUIKeywordMain.groovy:20)
	at com.kms.katalon.core.webui.keyword.builtin.VerifyElementAttributeValueKeyword.verifyElementAttributeValue(VerifyElementAttributeValueKeyword.groovy:109)
	at com.kms.katalon.core.webui.keyword.builtin.VerifyElementAttributeValueKeyword.execute(VerifyElementAttributeValueKeyword.groovy:70)
	at com.kms.katalon.core.keyword.internal.KeywordExecutor.executeKeywordForPlatform(KeywordExecutor.groovy:73)
	at com.kms.katalon.core.webui.keyword.WebUiBuiltInKeywords.verifyElementAttributeValue(WebUiBuiltInKeywords.groovy:3260)
	at com.kms.katalon.core.webui.keyword.WebUiBuiltInKeywords$verifyElementAttributeValue$8.call(Unknown Source)
	at TC_COMPLEX_005.run(TC_COMPLEX_005:34)
	at com.kms.katalon.core.main.ScriptEngine.run(ScriptEngine.java:194)
	at com.kms.katalon.core.main.ScriptEngine.runScriptAsRawText(ScriptEngine.java:119)
	at com.kms.katalon.core.main.TestCaseExecutor.runScript(TestCaseExecutor.java:339)
	at com.kms.katalon.core.main.TestCaseExecutor.doExecute(TestCaseExecutor.java:330)
	at com.kms.katalon.core.main.TestCaseExecutor.processExecutionPhase(TestCaseExecutor.java:309)
	at com.kms.katalon.core.main.TestCaseExecutor.accessMainPhase(TestCaseExecutor.java:301)
	at com.kms.katalon.core.main.TestCaseExecutor.execute(TestCaseExecutor.java:235)
	at com.kms.katalon.core.main.TestSuiteExecutor.accessTestCaseMainPhase(TestSuiteExecutor.java:191)
	at com.kms.katalon.core.main.TestSuiteExecutor.accessTestSuiteMainPhase(TestSuiteExecutor.java:141)
	at com.kms.katalon.core.main.TestSuiteExecutor.execute(TestSuiteExecutor.java:90)
	at com.kms.katalon.core.main.TestCaseMain.startTestSuite(TestCaseMain.java:157)
	at com.kms.katalon.core.main.TestCaseMain$startTestSuite$0.call(Unknown Source)
	at TempTestSuite1601338485249.run(TempTestSuite1601338485249.groovy:39)
)
[[ATTACHMENT|C:\\Katalon\\FIND-FLAG\\Reports\\20200929_081445\\COVID_19\\20200929_081445\\1601338628865.png]]

2020-09-29 08:17:09 - [TEST_STEP][PASSED] - element = TestObject().addProperty("xpath", EQUALS, "/html/body/div[4]/div/div/div/div[3]/div/div/a[" + pos + "]"): null

2020-09-29 08:17:09 - [TEST_STEP][PASSED] - if (verifyElementAttributeValue(element, "class", "find-flag", 0, OPTIONAL) == true): Object '' has attribute 'class' with actual value '' instead of expected value 'find-flag' (Root cause: com.kms.katalon.core.exception.StepFailedException: Object '' has attribute 'class' with actual value '' instead of expected value 'find-flag'
	at com.kms.katalon.core.webui.keyword.internal.WebUIKeywordMain.stepFailed(WebUIKeywordMain.groovy:64)
	at com.kms.katalon.core.webui.keyword.builtin.VerifyElementAttributeValueKeyword$_verifyElementAttributeValue_closure1.doCall(VerifyElementAttributeValueKeyword.groovy:94)
	at com.kms.katalon.core.webui.keyword.builtin.VerifyElementAttributeValueKeyword$_verifyElementAttributeValue_closure1.call(VerifyElementAttributeValueKeyword.groovy)
	at com.kms.katalon.core.webui.keyword.internal.WebUIKeywordMain.runKeyword(WebUIKeywordMain.groovy:20)
	at com.kms.katalon.core.webui.keyword.builtin.VerifyElementAttributeValueKeyword.verifyElementAttributeValue(VerifyElementAttributeValueKeyword.groovy:109)
	at com.kms.katalon.core.webui.keyword.builtin.VerifyElementAttributeValueKeyword.execute(VerifyElementAttributeValueKeyword.groovy:70)
	at com.kms.katalon.core.keyword.internal.KeywordExecutor.executeKeywordForPlatform(KeywordExecutor.groovy:73)
	at com.kms.katalon.core.webui.keyword.WebUiBuiltInKeywords.verifyElementAttributeValue(WebUiBuiltInKeywords.groovy:3260)
	at com.kms.katalon.core.webui.keyword.WebUiBuiltInKeywords$verifyElementAttributeValue$8.call(Unknown Source)
	at TC_COMPLEX_005.run(TC_COMPLEX_005:34)
	at com.kms.katalon.core.main.ScriptEngine.run(ScriptEngine.java:194)
	at com.kms.katalon.core.main.ScriptEngine.runScriptAsRawText(ScriptEngine.java:119)
	at com.kms.katalon.core.main.TestCaseExecutor.runScript(TestCaseExecutor.java:339)
	at com.kms.katalon.core.main.TestCaseExecutor.doExecute(TestCaseExecutor.java:330)
	at com.kms.katalon.core.main.TestCaseExecutor.processExecutionPhase(TestCaseExecutor.java:309)
	at com.kms.katalon.core.main.TestCaseExecutor.accessMainPhase(TestCaseExecutor.java:301)
	at com.kms.katalon.core.main.TestCaseExecutor.execute(TestCaseExecutor.java:235)
	at com.kms.katalon.core.main.TestSuiteExecutor.accessTestCaseMainPhase(TestSuiteExecutor.java:191)
	at com.kms.katalon.core.main.TestSuiteExecutor.accessTestSuiteMainPhase(TestSuiteExecutor.java:141)
	at com.kms.katalon.core.main.TestSuiteExecutor.execute(TestSuiteExecutor.java:90)
	at com.kms.katalon.core.main.TestCaseMain.startTestSuite(TestCaseMain.java:157)
	at com.kms.katalon.core.main.TestCaseMain$startTestSuite$0.call(Unknown Source)
	at TempTestSuite1601338485249.run(TempTestSuite1601338485249.groovy:39)
)

2020-09-29 08:17:09 - [MESSAGE][WARNING] - Timeout '0' is invalid. Using default page load timeout: '30'

2020-09-29 08:17:09 - [MESSAGE][WARNING] - Object '' has attribute 'class' with actual value '' instead of expected value 'find-flag' (Root cause: com.kms.katalon.core.exception.StepFailedException: Object '' has attribute 'class' with actual value '' instead of expected value 'find-flag'
	at com.kms.katalon.core.webui.keyword.internal.WebUIKeywordMain.stepFailed(WebUIKeywordMain.groovy:64)
	at com.kms.katalon.core.webui.keyword.builtin.VerifyElementAttributeValueKeyword$_verifyElementAttributeValue_closure1.doCall(VerifyElementAttributeValueKeyword.groovy:94)
	at com.kms.katalon.core.webui.keyword.builtin.VerifyElementAttributeValueKeyword$_verifyElementAttributeValue_closure1.call(VerifyElementAttributeValueKeyword.groovy)
	at com.kms.katalon.core.webui.keyword.internal.WebUIKeywordMain.runKeyword(WebUIKeywordMain.groovy:20)
	at com.kms.katalon.core.webui.keyword.builtin.VerifyElementAttributeValueKeyword.verifyElementAttributeValue(VerifyElementAttributeValueKeyword.groovy:109)
	at com.kms.katalon.core.webui.keyword.builtin.VerifyElementAttributeValueKeyword.execute(VerifyElementAttributeValueKeyword.groovy:70)
	at com.kms.katalon.core.keyword.internal.KeywordExecutor.executeKeywordForPlatform(KeywordExecutor.groovy:73)
	at com.kms.katalon.core.webui.keyword.WebUiBuiltInKeywords.verifyElementAttributeValue(WebUiBuiltInKeywords.groovy:3260)
	at com.kms.katalon.core.webui.keyword.WebUiBuiltInKeywords$verifyElementAttributeValue$8.call(Unknown Source)
	at TC_COMPLEX_005.run(TC_COMPLEX_005:34)
	at com.kms.katalon.core.main.ScriptEngine.run(ScriptEngine.java:194)
	at com.kms.katalon.core.main.ScriptEngine.runScriptAsRawText(ScriptEngine.java:119)
	at com.kms.katalon.core.main.TestCaseExecutor.runScript(TestCaseExecutor.java:339)
	at com.kms.katalon.core.main.TestCaseExecutor.doExecute(TestCaseExecutor.java:330)
	at com.kms.katalon.core.main.TestCaseExecutor.processExecutionPhase(TestCaseExecutor.java:309)
	at com.kms.katalon.core.main.TestCaseExecutor.accessMainPhase(TestCaseExecutor.java:301)
	at com.kms.katalon.core.main.TestCaseExecutor.execute(TestCaseExecutor.java:235)
	at com.kms.katalon.core.main.TestSuiteExecutor.accessTestCaseMainPhase(TestSuiteExecutor.java:191)
	at com.kms.katalon.core.main.TestSuiteExecutor.accessTestSuiteMainPhase(TestSuiteExecutor.java:141)
	at com.kms.katalon.core.main.TestSuiteExecutor.execute(TestSuiteExecutor.java:90)
	at com.kms.katalon.core.main.TestCaseMain.startTestSuite(TestCaseMain.java:157)
	at com.kms.katalon.core.main.TestCaseMain$startTestSuite$0.call(Unknown Source)
	at TempTestSuite1601338485249.run(TempTestSuite1601338485249.groovy:39)
)
[[ATTACHMENT|C:\\Katalon\\FIND-FLAG\\Reports\\20200929_081445\\COVID_19\\20200929_081445\\1601338629449.png]]

2020-09-29 08:17:09 - [TEST_STEP][PASSED] - element = TestObject().addProperty("xpath", EQUALS, "/html/body/div[4]/div/div/div/div[3]/div/div/a[" + pos + "]"): null

2020-09-29 08:17:09 - [TEST_STEP][PASSED] - if (verifyElementAttributeValue(element, "class", "find-flag", 0, OPTIONAL) == true): Object '' has attribute 'class' with actual value '' instead of expected value 'find-flag' (Root cause: com.kms.katalon.core.exception.StepFailedException: Object '' has attribute 'class' with actual value '' instead of expected value 'find-flag'
	at com.kms.katalon.core.webui.keyword.internal.WebUIKeywordMain.stepFailed(WebUIKeywordMain.groovy:64)
	at com.kms.katalon.core.webui.keyword.builtin.VerifyElementAttributeValueKeyword$_verifyElementAttributeValue_closure1.doCall(VerifyElementAttributeValueKeyword.groovy:94)
	at com.kms.katalon.core.webui.keyword.builtin.VerifyElementAttributeValueKeyword$_verifyElementAttributeValue_closure1.call(VerifyElementAttributeValueKeyword.groovy)
	at com.kms.katalon.core.webui.keyword.internal.WebUIKeywordMain.runKeyword(WebUIKeywordMain.groovy:20)
	at com.kms.katalon.core.webui.keyword.builtin.VerifyElementAttributeValueKeyword.verifyElementAttributeValue(VerifyElementAttributeValueKeyword.groovy:109)
	at com.kms.katalon.core.webui.keyword.builtin.VerifyElementAttributeValueKeyword.execute(VerifyElementAttributeValueKeyword.groovy:70)
	at com.kms.katalon.core.keyword.internal.KeywordExecutor.executeKeywordForPlatform(KeywordExecutor.groovy:73)
	at com.kms.katalon.core.webui.keyword.WebUiBuiltInKeywords.verifyElementAttributeValue(WebUiBuiltInKeywords.groovy:3260)
	at com.kms.katalon.core.webui.keyword.WebUiBuiltInKeywords$verifyElementAttributeValue$8.call(Unknown Source)
	at TC_COMPLEX_005.run(TC_COMPLEX_005:34)
	at com.kms.katalon.core.main.ScriptEngine.run(ScriptEngine.java:194)
	at com.kms.katalon.core.main.ScriptEngine.runScriptAsRawText(ScriptEngine.java:119)
	at com.kms.katalon.core.main.TestCaseExecutor.runScript(TestCaseExecutor.java:339)
	at com.kms.katalon.core.main.TestCaseExecutor.doExecute(TestCaseExecutor.java:330)
	at com.kms.katalon.core.main.TestCaseExecutor.processExecutionPhase(TestCaseExecutor.java:309)
	at com.kms.katalon.core.main.TestCaseExecutor.accessMainPhase(TestCaseExecutor.java:301)
	at com.kms.katalon.core.main.TestCaseExecutor.execute(TestCaseExecutor.java:235)
	at com.kms.katalon.core.main.TestSuiteExecutor.accessTestCaseMainPhase(TestSuiteExecutor.java:191)
	at com.kms.katalon.core.main.TestSuiteExecutor.accessTestSuiteMainPhase(TestSuiteExecutor.java:141)
	at com.kms.katalon.core.main.TestSuiteExecutor.execute(TestSuiteExecutor.java:90)
	at com.kms.katalon.core.main.TestCaseMain.startTestSuite(TestCaseMain.java:157)
	at com.kms.katalon.core.main.TestCaseMain$startTestSuite$0.call(Unknown Source)
	at TempTestSuite1601338485249.run(TempTestSuite1601338485249.groovy:39)
)

2020-09-29 08:17:09 - [MESSAGE][WARNING] - Timeout '0' is invalid. Using default page load timeout: '30'

2020-09-29 08:17:10 - [MESSAGE][WARNING] - Object '' has attribute 'class' with actual value '' instead of expected value 'find-flag' (Root cause: com.kms.katalon.core.exception.StepFailedException: Object '' has attribute 'class' with actual value '' instead of expected value 'find-flag'
	at com.kms.katalon.core.webui.keyword.internal.WebUIKeywordMain.stepFailed(WebUIKeywordMain.groovy:64)
	at com.kms.katalon.core.webui.keyword.builtin.VerifyElementAttributeValueKeyword$_verifyElementAttributeValue_closure1.doCall(VerifyElementAttributeValueKeyword.groovy:94)
	at com.kms.katalon.core.webui.keyword.builtin.VerifyElementAttributeValueKeyword$_verifyElementAttributeValue_closure1.call(VerifyElementAttributeValueKeyword.groovy)
	at com.kms.katalon.core.webui.keyword.internal.WebUIKeywordMain.runKeyword(WebUIKeywordMain.groovy:20)
	at com.kms.katalon.core.webui.keyword.builtin.VerifyElementAttributeValueKeyword.verifyElementAttributeValue(VerifyElementAttributeValueKeyword.groovy:109)
	at com.kms.katalon.core.webui.keyword.builtin.VerifyElementAttributeValueKeyword.execute(VerifyElementAttributeValueKeyword.groovy:70)
	at com.kms.katalon.core.keyword.internal.KeywordExecutor.executeKeywordForPlatform(KeywordExecutor.groovy:73)
	at com.kms.katalon.core.webui.keyword.WebUiBuiltInKeywords.verifyElementAttributeValue(WebUiBuiltInKeywords.groovy:3260)
	at com.kms.katalon.core.webui.keyword.WebUiBuiltInKeywords$verifyElementAttributeValue$8.call(Unknown Source)
	at TC_COMPLEX_005.run(TC_COMPLEX_005:34)
	at com.kms.katalon.core.main.ScriptEngine.run(ScriptEngine.java:194)
	at com.kms.katalon.core.main.ScriptEngine.runScriptAsRawText(ScriptEngine.java:119)
	at com.kms.katalon.core.main.TestCaseExecutor.runScript(TestCaseExecutor.java:339)
	at com.kms.katalon.core.main.TestCaseExecutor.doExecute(TestCaseExecutor.java:330)
	at com.kms.katalon.core.main.TestCaseExecutor.processExecutionPhase(TestCaseExecutor.java:309)
	at com.kms.katalon.core.main.TestCaseExecutor.accessMainPhase(TestCaseExecutor.java:301)
	at com.kms.katalon.core.main.TestCaseExecutor.execute(TestCaseExecutor.java:235)
	at com.kms.katalon.core.main.TestSuiteExecutor.accessTestCaseMainPhase(TestSuiteExecutor.java:191)
	at com.kms.katalon.core.main.TestSuiteExecutor.accessTestSuiteMainPhase(TestSuiteExecutor.java:141)
	at com.kms.katalon.core.main.TestSuiteExecutor.execute(TestSuiteExecutor.java:90)
	at com.kms.katalon.core.main.TestCaseMain.startTestSuite(TestCaseMain.java:157)
	at com.kms.katalon.core.main.TestCaseMain$startTestSuite$0.call(Unknown Source)
	at TempTestSuite1601338485249.run(TempTestSuite1601338485249.groovy:39)
)
[[ATTACHMENT|C:\\Katalon\\FIND-FLAG\\Reports\\20200929_081445\\COVID_19\\20200929_081445\\1601338630036.png]]

2020-09-29 08:17:10 - [TEST_STEP][PASSED] - element = TestObject().addProperty("xpath", EQUALS, "/html/body/div[4]/div/div/div/div[3]/div/div/a[" + pos + "]"): null

2020-09-29 08:17:10 - [TEST_STEP][PASSED] - if (verifyElementAttributeValue(element, "class", "find-flag", 0, OPTIONAL) == true): null

2020-09-29 08:17:10 - [MESSAGE][WARNING] - Timeout '0' is invalid. Using default page load timeout: '30'

2020-09-29 08:17:10 - [MESSAGE][PASSED] - Object '' has attribute 'class' with value 'find-flag'

2020-09-29 08:17:10 - [TEST_STEP][PASSED] - (count++): null

2020-09-29 08:17:10 - [TEST_STEP][PASSED] - element = TestObject().addProperty("xpath", EQUALS, "/html/body/div[4]/div/div/div/div[3]/div/div/a[" + pos + "]"): null

2020-09-29 08:17:10 - [TEST_STEP][PASSED] - if (verifyElementAttributeValue(element, "class", "find-flag", 0, OPTIONAL) == true): null

2020-09-29 08:17:10 - [MESSAGE][WARNING] - Timeout '0' is invalid. Using default page load timeout: '30'

2020-09-29 08:17:10 - [MESSAGE][PASSED] - Object '' has attribute 'class' with value 'find-flag'

2020-09-29 08:17:10 - [TEST_STEP][PASSED] - (count++): null

2020-09-29 08:17:10 - [TEST_STEP][PASSED] - element = TestObject().addProperty("xpath", EQUALS, "/html/body/div[4]/div/div/div/div[3]/div/div/a[" + pos + "]"): null

2020-09-29 08:17:10 - [TEST_STEP][PASSED] - if (verifyElementAttributeValue(element, "class", "find-flag", 0, OPTIONAL) == true): Object '' has attribute 'class' with actual value '' instead of expected value 'find-flag' (Root cause: com.kms.katalon.core.exception.StepFailedException: Object '' has attribute 'class' with actual value '' instead of expected value 'find-flag'
	at com.kms.katalon.core.webui.keyword.internal.WebUIKeywordMain.stepFailed(WebUIKeywordMain.groovy:64)
	at com.kms.katalon.core.webui.keyword.builtin.VerifyElementAttributeValueKeyword$_verifyElementAttributeValue_closure1.doCall(VerifyElementAttributeValueKeyword.groovy:94)
	at com.kms.katalon.core.webui.keyword.builtin.VerifyElementAttributeValueKeyword$_verifyElementAttributeValue_closure1.call(VerifyElementAttributeValueKeyword.groovy)
	at com.kms.katalon.core.webui.keyword.internal.WebUIKeywordMain.runKeyword(WebUIKeywordMain.groovy:20)
	at com.kms.katalon.core.webui.keyword.builtin.VerifyElementAttributeValueKeyword.verifyElementAttributeValue(VerifyElementAttributeValueKeyword.groovy:109)
	at com.kms.katalon.core.webui.keyword.builtin.VerifyElementAttributeValueKeyword.execute(VerifyElementAttributeValueKeyword.groovy:70)
	at com.kms.katalon.core.keyword.internal.KeywordExecutor.executeKeywordForPlatform(KeywordExecutor.groovy:73)
	at com.kms.katalon.core.webui.keyword.WebUiBuiltInKeywords.verifyElementAttributeValue(WebUiBuiltInKeywords.groovy:3260)
	at com.kms.katalon.core.webui.keyword.WebUiBuiltInKeywords$verifyElementAttributeValue$8.call(Unknown Source)
	at TC_COMPLEX_005.run(TC_COMPLEX_005:34)
	at com.kms.katalon.core.main.ScriptEngine.run(ScriptEngine.java:194)
	at com.kms.katalon.core.main.ScriptEngine.runScriptAsRawText(ScriptEngine.java:119)
	at com.kms.katalon.core.main.TestCaseExecutor.runScript(TestCaseExecutor.java:339)
	at com.kms.katalon.core.main.TestCaseExecutor.doExecute(TestCaseExecutor.java:330)
	at com.kms.katalon.core.main.TestCaseExecutor.processExecutionPhase(TestCaseExecutor.java:309)
	at com.kms.katalon.core.main.TestCaseExecutor.accessMainPhase(TestCaseExecutor.java:301)
	at com.kms.katalon.core.main.TestCaseExecutor.execute(TestCaseExecutor.java:235)
	at com.kms.katalon.core.main.TestSuiteExecutor.accessTestCaseMainPhase(TestSuiteExecutor.java:191)
	at com.kms.katalon.core.main.TestSuiteExecutor.accessTestSuiteMainPhase(TestSuiteExecutor.java:141)
	at com.kms.katalon.core.main.TestSuiteExecutor.execute(TestSuiteExecutor.java:90)
	at com.kms.katalon.core.main.TestCaseMain.startTestSuite(TestCaseMain.java:157)
	at com.kms.katalon.core.main.TestCaseMain$startTestSuite$0.call(Unknown Source)
	at TempTestSuite1601338485249.run(TempTestSuite1601338485249.groovy:39)
)

2020-09-29 08:17:10 - [MESSAGE][WARNING] - Timeout '0' is invalid. Using default page load timeout: '30'

2020-09-29 08:17:11 - [MESSAGE][WARNING] - Object '' has attribute 'class' with actual value '' instead of expected value 'find-flag' (Root cause: com.kms.katalon.core.exception.StepFailedException: Object '' has attribute 'class' with actual value '' instead of expected value 'find-flag'
	at com.kms.katalon.core.webui.keyword.internal.WebUIKeywordMain.stepFailed(WebUIKeywordMain.groovy:64)
	at com.kms.katalon.core.webui.keyword.builtin.VerifyElementAttributeValueKeyword$_verifyElementAttributeValue_closure1.doCall(VerifyElementAttributeValueKeyword.groovy:94)
	at com.kms.katalon.core.webui.keyword.builtin.VerifyElementAttributeValueKeyword$_verifyElementAttributeValue_closure1.call(VerifyElementAttributeValueKeyword.groovy)
	at com.kms.katalon.core.webui.keyword.internal.WebUIKeywordMain.runKeyword(WebUIKeywordMain.groovy:20)
	at com.kms.katalon.core.webui.keyword.builtin.VerifyElementAttributeValueKeyword.verifyElementAttributeValue(VerifyElementAttributeValueKeyword.groovy:109)
	at com.kms.katalon.core.webui.keyword.builtin.VerifyElementAttributeValueKeyword.execute(VerifyElementAttributeValueKeyword.groovy:70)
	at com.kms.katalon.core.keyword.internal.KeywordExecutor.executeKeywordForPlatform(KeywordExecutor.groovy:73)
	at com.kms.katalon.core.webui.keyword.WebUiBuiltInKeywords.verifyElementAttributeValue(WebUiBuiltInKeywords.groovy:3260)
	at com.kms.katalon.core.webui.keyword.WebUiBuiltInKeywords$verifyElementAttributeValue$8.call(Unknown Source)
	at TC_COMPLEX_005.run(TC_COMPLEX_005:34)
	at com.kms.katalon.core.main.ScriptEngine.run(ScriptEngine.java:194)
	at com.kms.katalon.core.main.ScriptEngine.runScriptAsRawText(ScriptEngine.java:119)
	at com.kms.katalon.core.main.TestCaseExecutor.runScript(TestCaseExecutor.java:339)
	at com.kms.katalon.core.main.TestCaseExecutor.doExecute(TestCaseExecutor.java:330)
	at com.kms.katalon.core.main.TestCaseExecutor.processExecutionPhase(TestCaseExecutor.java:309)
	at com.kms.katalon.core.main.TestCaseExecutor.accessMainPhase(TestCaseExecutor.java:301)
	at com.kms.katalon.core.main.TestCaseExecutor.execute(TestCaseExecutor.java:235)
	at com.kms.katalon.core.main.TestSuiteExecutor.accessTestCaseMainPhase(TestSuiteExecutor.java:191)
	at com.kms.katalon.core.main.TestSuiteExecutor.accessTestSuiteMainPhase(TestSuiteExecutor.java:141)
	at com.kms.katalon.core.main.TestSuiteExecutor.execute(TestSuiteExecutor.java:90)
	at com.kms.katalon.core.main.TestCaseMain.startTestSuite(TestCaseMain.java:157)
	at com.kms.katalon.core.main.TestCaseMain$startTestSuite$0.call(Unknown Source)
	at TempTestSuite1601338485249.run(TempTestSuite1601338485249.groovy:39)
)
[[ATTACHMENT|C:\\Katalon\\FIND-FLAG\\Reports\\20200929_081445\\COVID_19\\20200929_081445\\1601338631135.png]]

2020-09-29 08:17:11 - [TEST_STEP][PASSED] - element = TestObject().addProperty("xpath", EQUALS, "/html/body/div[4]/div/div/div/div[3]/div/div/a[" + pos + "]"): null

2020-09-29 08:17:11 - [TEST_STEP][PASSED] - if (verifyElementAttributeValue(element, "class", "find-flag", 0, OPTIONAL) == true): Object '' has attribute 'class' with actual value '' instead of expected value 'find-flag' (Root cause: com.kms.katalon.core.exception.StepFailedException: Object '' has attribute 'class' with actual value '' instead of expected value 'find-flag'
	at com.kms.katalon.core.webui.keyword.internal.WebUIKeywordMain.stepFailed(WebUIKeywordMain.groovy:64)
	at com.kms.katalon.core.webui.keyword.builtin.VerifyElementAttributeValueKeyword$_verifyElementAttributeValue_closure1.doCall(VerifyElementAttributeValueKeyword.groovy:94)
	at com.kms.katalon.core.webui.keyword.builtin.VerifyElementAttributeValueKeyword$_verifyElementAttributeValue_closure1.call(VerifyElementAttributeValueKeyword.groovy)
	at com.kms.katalon.core.webui.keyword.internal.WebUIKeywordMain.runKeyword(WebUIKeywordMain.groovy:20)
	at com.kms.katalon.core.webui.keyword.builtin.VerifyElementAttributeValueKeyword.verifyElementAttributeValue(VerifyElementAttributeValueKeyword.groovy:109)
	at com.kms.katalon.core.webui.keyword.builtin.VerifyElementAttributeValueKeyword.execute(VerifyElementAttributeValueKeyword.groovy:70)
	at com.kms.katalon.core.keyword.internal.KeywordExecutor.executeKeywordForPlatform(KeywordExecutor.groovy:73)
	at com.kms.katalon.core.webui.keyword.WebUiBuiltInKeywords.verifyElementAttributeValue(WebUiBuiltInKeywords.groovy:3260)
	at com.kms.katalon.core.webui.keyword.WebUiBuiltInKeywords$verifyElementAttributeValue$8.call(Unknown Source)
	at TC_COMPLEX_005.run(TC_COMPLEX_005:34)
	at com.kms.katalon.core.main.ScriptEngine.run(ScriptEngine.java:194)
	at com.kms.katalon.core.main.ScriptEngine.runScriptAsRawText(ScriptEngine.java:119)
	at com.kms.katalon.core.main.TestCaseExecutor.runScript(TestCaseExecutor.java:339)
	at com.kms.katalon.core.main.TestCaseExecutor.doExecute(TestCaseExecutor.java:330)
	at com.kms.katalon.core.main.TestCaseExecutor.processExecutionPhase(TestCaseExecutor.java:309)
	at com.kms.katalon.core.main.TestCaseExecutor.accessMainPhase(TestCaseExecutor.java:301)
	at com.kms.katalon.core.main.TestCaseExecutor.execute(TestCaseExecutor.java:235)
	at com.kms.katalon.core.main.TestSuiteExecutor.accessTestCaseMainPhase(TestSuiteExecutor.java:191)
	at com.kms.katalon.core.main.TestSuiteExecutor.accessTestSuiteMainPhase(TestSuiteExecutor.java:141)
	at com.kms.katalon.core.main.TestSuiteExecutor.execute(TestSuiteExecutor.java:90)
	at com.kms.katalon.core.main.TestCaseMain.startTestSuite(TestCaseMain.java:157)
	at com.kms.katalon.core.main.TestCaseMain$startTestSuite$0.call(Unknown Source)
	at TempTestSuite1601338485249.run(TempTestSuite1601338485249.groovy:39)
)

2020-09-29 08:17:11 - [MESSAGE][WARNING] - Timeout '0' is invalid. Using default page load timeout: '30'

2020-09-29 08:17:12 - [MESSAGE][WARNING] - Object '' has attribute 'class' with actual value '' instead of expected value 'find-flag' (Root cause: com.kms.katalon.core.exception.StepFailedException: Object '' has attribute 'class' with actual value '' instead of expected value 'find-flag'
	at com.kms.katalon.core.webui.keyword.internal.WebUIKeywordMain.stepFailed(WebUIKeywordMain.groovy:64)
	at com.kms.katalon.core.webui.keyword.builtin.VerifyElementAttributeValueKeyword$_verifyElementAttributeValue_closure1.doCall(VerifyElementAttributeValueKeyword.groovy:94)
	at com.kms.katalon.core.webui.keyword.builtin.VerifyElementAttributeValueKeyword$_verifyElementAttributeValue_closure1.call(VerifyElementAttributeValueKeyword.groovy)
	at com.kms.katalon.core.webui.keyword.internal.WebUIKeywordMain.runKeyword(WebUIKeywordMain.groovy:20)
	at com.kms.katalon.core.webui.keyword.builtin.VerifyElementAttributeValueKeyword.verifyElementAttributeValue(VerifyElementAttributeValueKeyword.groovy:109)
	at com.kms.katalon.core.webui.keyword.builtin.VerifyElementAttributeValueKeyword.execute(VerifyElementAttributeValueKeyword.groovy:70)
	at com.kms.katalon.core.keyword.internal.KeywordExecutor.executeKeywordForPlatform(KeywordExecutor.groovy:73)
	at com.kms.katalon.core.webui.keyword.WebUiBuiltInKeywords.verifyElementAttributeValue(WebUiBuiltInKeywords.groovy:3260)
	at com.kms.katalon.core.webui.keyword.WebUiBuiltInKeywords$verifyElementAttributeValue$8.call(Unknown Source)
	at TC_COMPLEX_005.run(TC_COMPLEX_005:34)
	at com.kms.katalon.core.main.ScriptEngine.run(ScriptEngine.java:194)
	at com.kms.katalon.core.main.ScriptEngine.runScriptAsRawText(ScriptEngine.java:119)
	at com.kms.katalon.core.main.TestCaseExecutor.runScript(TestCaseExecutor.java:339)
	at com.kms.katalon.core.main.TestCaseExecutor.doExecute(TestCaseExecutor.java:330)
	at com.kms.katalon.core.main.TestCaseExecutor.processExecutionPhase(TestCaseExecutor.java:309)
	at com.kms.katalon.core.main.TestCaseExecutor.accessMainPhase(TestCaseExecutor.java:301)
	at com.kms.katalon.core.main.TestCaseExecutor.execute(TestCaseExecutor.java:235)
	at com.kms.katalon.core.main.TestSuiteExecutor.accessTestCaseMainPhase(TestSuiteExecutor.java:191)
	at com.kms.katalon.core.main.TestSuiteExecutor.accessTestSuiteMainPhase(TestSuiteExecutor.java:141)
	at com.kms.katalon.core.main.TestSuiteExecutor.execute(TestSuiteExecutor.java:90)
	at com.kms.katalon.core.main.TestCaseMain.startTestSuite(TestCaseMain.java:157)
	at com.kms.katalon.core.main.TestCaseMain$startTestSuite$0.call(Unknown Source)
	at TempTestSuite1601338485249.run(TempTestSuite1601338485249.groovy:39)
)
[[ATTACHMENT|C:\\Katalon\\FIND-FLAG\\Reports\\20200929_081445\\COVID_19\\20200929_081445\\1601338631729.png]]

2020-09-29 08:17:12 - [TEST_STEP][PASSED] - element = TestObject().addProperty("xpath", EQUALS, "/html/body/div[4]/div/div/div/div[3]/div/div/a[" + pos + "]"): null

2020-09-29 08:17:12 - [TEST_STEP][PASSED] - if (verifyElementAttributeValue(element, "class", "find-flag", 0, OPTIONAL) == true): Object '' has attribute 'class' with actual value '' instead of expected value 'find-flag' (Root cause: com.kms.katalon.core.exception.StepFailedException: Object '' has attribute 'class' with actual value '' instead of expected value 'find-flag'
	at com.kms.katalon.core.webui.keyword.internal.WebUIKeywordMain.stepFailed(WebUIKeywordMain.groovy:64)
	at com.kms.katalon.core.webui.keyword.builtin.VerifyElementAttributeValueKeyword$_verifyElementAttributeValue_closure1.doCall(VerifyElementAttributeValueKeyword.groovy:94)
	at com.kms.katalon.core.webui.keyword.builtin.VerifyElementAttributeValueKeyword$_verifyElementAttributeValue_closure1.call(VerifyElementAttributeValueKeyword.groovy)
	at com.kms.katalon.core.webui.keyword.internal.WebUIKeywordMain.runKeyword(WebUIKeywordMain.groovy:20)
	at com.kms.katalon.core.webui.keyword.builtin.VerifyElementAttributeValueKeyword.verifyElementAttributeValue(VerifyElementAttributeValueKeyword.groovy:109)
	at com.kms.katalon.core.webui.keyword.builtin.VerifyElementAttributeValueKeyword.execute(VerifyElementAttributeValueKeyword.groovy:70)
	at com.kms.katalon.core.keyword.internal.KeywordExecutor.executeKeywordForPlatform(KeywordExecutor.groovy:73)
	at com.kms.katalon.core.webui.keyword.WebUiBuiltInKeywords.verifyElementAttributeValue(WebUiBuiltInKeywords.groovy:3260)
	at com.kms.katalon.core.webui.keyword.WebUiBuiltInKeywords$verifyElementAttributeValue$8.call(Unknown Source)
	at TC_COMPLEX_005.run(TC_COMPLEX_005:34)
	at com.kms.katalon.core.main.ScriptEngine.run(ScriptEngine.java:194)
	at com.kms.katalon.core.main.ScriptEngine.runScriptAsRawText(ScriptEngine.java:119)
	at com.kms.katalon.core.main.TestCaseExecutor.runScript(TestCaseExecutor.java:339)
	at com.kms.katalon.core.main.TestCaseExecutor.doExecute(TestCaseExecutor.java:330)
	at com.kms.katalon.core.main.TestCaseExecutor.processExecutionPhase(TestCaseExecutor.java:309)
	at com.kms.katalon.core.main.TestCaseExecutor.accessMainPhase(TestCaseExecutor.java:301)
	at com.kms.katalon.core.main.TestCaseExecutor.execute(TestCaseExecutor.java:235)
	at com.kms.katalon.core.main.TestSuiteExecutor.accessTestCaseMainPhase(TestSuiteExecutor.java:191)
	at com.kms.katalon.core.main.TestSuiteExecutor.accessTestSuiteMainPhase(TestSuiteExecutor.java:141)
	at com.kms.katalon.core.main.TestSuiteExecutor.execute(TestSuiteExecutor.java:90)
	at com.kms.katalon.core.main.TestCaseMain.startTestSuite(TestCaseMain.java:157)
	at com.kms.katalon.core.main.TestCaseMain$startTestSuite$0.call(Unknown Source)
	at TempTestSuite1601338485249.run(TempTestSuite1601338485249.groovy:39)
)

2020-09-29 08:17:12 - [MESSAGE][WARNING] - Timeout '0' is invalid. Using default page load timeout: '30'

2020-09-29 08:17:12 - [MESSAGE][WARNING] - Object '' has attribute 'class' with actual value '' instead of expected value 'find-flag' (Root cause: com.kms.katalon.core.exception.StepFailedException: Object '' has attribute 'class' with actual value '' instead of expected value 'find-flag'
	at com.kms.katalon.core.webui.keyword.internal.WebUIKeywordMain.stepFailed(WebUIKeywordMain.groovy:64)
	at com.kms.katalon.core.webui.keyword.builtin.VerifyElementAttributeValueKeyword$_verifyElementAttributeValue_closure1.doCall(VerifyElementAttributeValueKeyword.groovy:94)
	at com.kms.katalon.core.webui.keyword.builtin.VerifyElementAttributeValueKeyword$_verifyElementAttributeValue_closure1.call(VerifyElementAttributeValueKeyword.groovy)
	at com.kms.katalon.core.webui.keyword.internal.WebUIKeywordMain.runKeyword(WebUIKeywordMain.groovy:20)
	at com.kms.katalon.core.webui.keyword.builtin.VerifyElementAttributeValueKeyword.verifyElementAttributeValue(VerifyElementAttributeValueKeyword.groovy:109)
	at com.kms.katalon.core.webui.keyword.builtin.VerifyElementAttributeValueKeyword.execute(VerifyElementAttributeValueKeyword.groovy:70)
	at com.kms.katalon.core.keyword.internal.KeywordExecutor.executeKeywordForPlatform(KeywordExecutor.groovy:73)
	at com.kms.katalon.core.webui.keyword.WebUiBuiltInKeywords.verifyElementAttributeValue(WebUiBuiltInKeywords.groovy:3260)
	at com.kms.katalon.core.webui.keyword.WebUiBuiltInKeywords$verifyElementAttributeValue$8.call(Unknown Source)
	at TC_COMPLEX_005.run(TC_COMPLEX_005:34)
	at com.kms.katalon.core.main.ScriptEngine.run(ScriptEngine.java:194)
	at com.kms.katalon.core.main.ScriptEngine.runScriptAsRawText(ScriptEngine.java:119)
	at com.kms.katalon.core.main.TestCaseExecutor.runScript(TestCaseExecutor.java:339)
	at com.kms.katalon.core.main.TestCaseExecutor.doExecute(TestCaseExecutor.java:330)
	at com.kms.katalon.core.main.TestCaseExecutor.processExecutionPhase(TestCaseExecutor.java:309)
	at com.kms.katalon.core.main.TestCaseExecutor.accessMainPhase(TestCaseExecutor.java:301)
	at com.kms.katalon.core.main.TestCaseExecutor.execute(TestCaseExecutor.java:235)
	at com.kms.katalon.core.main.TestSuiteExecutor.accessTestCaseMainPhase(TestSuiteExecutor.java:191)
	at com.kms.katalon.core.main.TestSuiteExecutor.accessTestSuiteMainPhase(TestSuiteExecutor.java:141)
	at com.kms.katalon.core.main.TestSuiteExecutor.execute(TestSuiteExecutor.java:90)
	at com.kms.katalon.core.main.TestCaseMain.startTestSuite(TestCaseMain.java:157)
	at com.kms.katalon.core.main.TestCaseMain$startTestSuite$0.call(Unknown Source)
	at TempTestSuite1601338485249.run(TempTestSuite1601338485249.groovy:39)
)
[[ATTACHMENT|C:\\Katalon\\FIND-FLAG\\Reports\\20200929_081445\\COVID_19\\20200929_081445\\1601338632331.png]]

2020-09-29 08:17:12 - [TEST_STEP][PASSED] - element = TestObject().addProperty("xpath", EQUALS, "/html/body/div[4]/div/div/div/div[3]/div/div/a[" + pos + "]"): null

2020-09-29 08:17:12 - [TEST_STEP][PASSED] - if (verifyElementAttributeValue(element, "class", "find-flag", 0, OPTIONAL) == true): Object '' has attribute 'class' with actual value '' instead of expected value 'find-flag' (Root cause: com.kms.katalon.core.exception.StepFailedException: Object '' has attribute 'class' with actual value '' instead of expected value 'find-flag'
	at com.kms.katalon.core.webui.keyword.internal.WebUIKeywordMain.stepFailed(WebUIKeywordMain.groovy:64)
	at com.kms.katalon.core.webui.keyword.builtin.VerifyElementAttributeValueKeyword$_verifyElementAttributeValue_closure1.doCall(VerifyElementAttributeValueKeyword.groovy:94)
	at com.kms.katalon.core.webui.keyword.builtin.VerifyElementAttributeValueKeyword$_verifyElementAttributeValue_closure1.call(VerifyElementAttributeValueKeyword.groovy)
	at com.kms.katalon.core.webui.keyword.internal.WebUIKeywordMain.runKeyword(WebUIKeywordMain.groovy:20)
	at com.kms.katalon.core.webui.keyword.builtin.VerifyElementAttributeValueKeyword.verifyElementAttributeValue(VerifyElementAttributeValueKeyword.groovy:109)
	at com.kms.katalon.core.webui.keyword.builtin.VerifyElementAttributeValueKeyword.execute(VerifyElementAttributeValueKeyword.groovy:70)
	at com.kms.katalon.core.keyword.internal.KeywordExecutor.executeKeywordForPlatform(KeywordExecutor.groovy:73)
	at com.kms.katalon.core.webui.keyword.WebUiBuiltInKeywords.verifyElementAttributeValue(WebUiBuiltInKeywords.groovy:3260)
	at com.kms.katalon.core.webui.keyword.WebUiBuiltInKeywords$verifyElementAttributeValue$8.call(Unknown Source)
	at TC_COMPLEX_005.run(TC_COMPLEX_005:34)
	at com.kms.katalon.core.main.ScriptEngine.run(ScriptEngine.java:194)
	at com.kms.katalon.core.main.ScriptEngine.runScriptAsRawText(ScriptEngine.java:119)
	at com.kms.katalon.core.main.TestCaseExecutor.runScript(TestCaseExecutor.java:339)
	at com.kms.katalon.core.main.TestCaseExecutor.doExecute(TestCaseExecutor.java:330)
	at com.kms.katalon.core.main.TestCaseExecutor.processExecutionPhase(TestCaseExecutor.java:309)
	at com.kms.katalon.core.main.TestCaseExecutor.accessMainPhase(TestCaseExecutor.java:301)
	at com.kms.katalon.core.main.TestCaseExecutor.execute(TestCaseExecutor.java:235)
	at com.kms.katalon.core.main.TestSuiteExecutor.accessTestCaseMainPhase(TestSuiteExecutor.java:191)
	at com.kms.katalon.core.main.TestSuiteExecutor.accessTestSuiteMainPhase(TestSuiteExecutor.java:141)
	at com.kms.katalon.core.main.TestSuiteExecutor.execute(TestSuiteExecutor.java:90)
	at com.kms.katalon.core.main.TestCaseMain.startTestSuite(TestCaseMain.java:157)
	at com.kms.katalon.core.main.TestCaseMain$startTestSuite$0.call(Unknown Source)
	at TempTestSuite1601338485249.run(TempTestSuite1601338485249.groovy:39)
)

2020-09-29 08:17:12 - [MESSAGE][WARNING] - Timeout '0' is invalid. Using default page load timeout: '30'

2020-09-29 08:17:13 - [MESSAGE][WARNING] - Object '' has attribute 'class' with actual value '' instead of expected value 'find-flag' (Root cause: com.kms.katalon.core.exception.StepFailedException: Object '' has attribute 'class' with actual value '' instead of expected value 'find-flag'
	at com.kms.katalon.core.webui.keyword.internal.WebUIKeywordMain.stepFailed(WebUIKeywordMain.groovy:64)
	at com.kms.katalon.core.webui.keyword.builtin.VerifyElementAttributeValueKeyword$_verifyElementAttributeValue_closure1.doCall(VerifyElementAttributeValueKeyword.groovy:94)
	at com.kms.katalon.core.webui.keyword.builtin.VerifyElementAttributeValueKeyword$_verifyElementAttributeValue_closure1.call(VerifyElementAttributeValueKeyword.groovy)
	at com.kms.katalon.core.webui.keyword.internal.WebUIKeywordMain.runKeyword(WebUIKeywordMain.groovy:20)
	at com.kms.katalon.core.webui.keyword.builtin.VerifyElementAttributeValueKeyword.verifyElementAttributeValue(VerifyElementAttributeValueKeyword.groovy:109)
	at com.kms.katalon.core.webui.keyword.builtin.VerifyElementAttributeValueKeyword.execute(VerifyElementAttributeValueKeyword.groovy:70)
	at com.kms.katalon.core.keyword.internal.KeywordExecutor.executeKeywordForPlatform(KeywordExecutor.groovy:73)
	at com.kms.katalon.core.webui.keyword.WebUiBuiltInKeywords.verifyElementAttributeValue(WebUiBuiltInKeywords.groovy:3260)
	at com.kms.katalon.core.webui.keyword.WebUiBuiltInKeywords$verifyElementAttributeValue$8.call(Unknown Source)
	at TC_COMPLEX_005.run(TC_COMPLEX_005:34)
	at com.kms.katalon.core.main.ScriptEngine.run(ScriptEngine.java:194)
	at com.kms.katalon.core.main.ScriptEngine.runScriptAsRawText(ScriptEngine.java:119)
	at com.kms.katalon.core.main.TestCaseExecutor.runScript(TestCaseExecutor.java:339)
	at com.kms.katalon.core.main.TestCaseExecutor.doExecute(TestCaseExecutor.java:330)
	at com.kms.katalon.core.main.TestCaseExecutor.processExecutionPhase(TestCaseExecutor.java:309)
	at com.kms.katalon.core.main.TestCaseExecutor.accessMainPhase(TestCaseExecutor.java:301)
	at com.kms.katalon.core.main.TestCaseExecutor.execute(TestCaseExecutor.java:235)
	at com.kms.katalon.core.main.TestSuiteExecutor.accessTestCaseMainPhase(TestSuiteExecutor.java:191)
	at com.kms.katalon.core.main.TestSuiteExecutor.accessTestSuiteMainPhase(TestSuiteExecutor.java:141)
	at com.kms.katalon.core.main.TestSuiteExecutor.execute(TestSuiteExecutor.java:90)
	at com.kms.katalon.core.main.TestCaseMain.startTestSuite(TestCaseMain.java:157)
	at com.kms.katalon.core.main.TestCaseMain$startTestSuite$0.call(Unknown Source)
	at TempTestSuite1601338485249.run(TempTestSuite1601338485249.groovy:39)
)
[[ATTACHMENT|C:\\Katalon\\FIND-FLAG\\Reports\\20200929_081445\\COVID_19\\20200929_081445\\1601338632908.png]]

2020-09-29 08:17:13 - [TEST_STEP][PASSED] - actual_count = count: null

2020-09-29 08:17:13 - [TEST_STEP][PASSED] - verifyEqual(expected_count, actual_count, STOP_ON_FAILURE): Actual object '2' and expected object '2' are equal

2020-09-29 08:17:13 - [MESSAGE][PASSED] - Actual object '2' and expected object '2' are equal]]></system-out>
         <system-err><![CDATA[]]></system-err>
      </testcase>
      <system-out><![CDATA[2020-09-29 08:14:52 - [TEST_SUITE][PASSED] - COVID_19: Test Cases/COVID19/Home page/TC_COMPLEX_005]]></system-out>
      <system-err><![CDATA[]]></system-err>
   </testsuite>
</testsuites>
